<?xml version="1.0" encoding="utf-8"?>
<TestRun id="d2912e84-8201-4f56-84c7-46fee89c6aa2" name="M1050812@G1C2ML15534 2019-04-12 14:47:43" runUser="MINDTREE\M1050812" xmlns="http://microsoft.com/schemas/VisualStudio/TeamTest/2010">
  <Times creation="2019-04-12T14:47:43.3222439+05:30" queuing="2019-04-12T14:47:43.3222439+05:30" start="2019-04-12T14:47:40.2510264+05:30" finish="2019-04-12T14:48:04.6631705+05:30" />
  <TestSettings name="default" id="7671efe2-5efc-4a7c-8bf6-329ade70c876">
    <Deployment runDeploymentRoot="M1050812_G1C2ML15534_2019-04-12_14_47_43" />
  </TestSettings>
  <Results>
    <UnitTestResult executionId="dc988232-7e48-4538-800e-f9c88abec361" testId="f077ca93-8f38-d73a-ce7d-bced0b56f133" testName="AddToBooking_Negative_UserStatusInvalid" computerName="G1C2ML15534" duration="00:00:00.6308080" startTime="2019-04-12T14:47:50.4501469+05:30" endTime="2019-04-12T14:47:51.0813623+05:30" testType="13cdc9d9-ddb5-4fa4-a97d-d965ccfc6d4b" outcome="Passed" testListId="8c84fa94-04c1-424b-9868-57a2d4851a1d" relativeResultsDirectory="dc988232-7e48-4538-800e-f9c88abec361" />
    <UnitTestResult executionId="cfec70fa-9702-444d-be5f-a92545b7b1b1" testId="3d8e4af0-cad7-71d9-2416-586c81de934b" testName="GetSearchedRoomDetails_Negative_RoomsReturned" computerName="G1C2ML15534" duration="00:00:00.0035213" startTime="2019-04-12T14:47:48.7145333+05:30" endTime="2019-04-12T14:47:48.7182525+05:30" testType="13cdc9d9-ddb5-4fa4-a97d-d965ccfc6d4b" outcome="Passed" testListId="8c84fa94-04c1-424b-9868-57a2d4851a1d" relativeResultsDirectory="cfec70fa-9702-444d-be5f-a92545b7b1b1" />
    <UnitTestResult executionId="bfeb5800-4a20-4593-ae31-34d2de8035d1" testId="d5698eb2-b832-4483-e182-d77162961122" testName="PostUser_Negative_AlreadyExists" computerName="G1C2ML15534" duration="00:00:00.2786305" startTime="2019-04-12T14:48:03.3308383+05:30" endTime="2019-04-12T14:48:03.6108643+05:30" testType="13cdc9d9-ddb5-4fa4-a97d-d965ccfc6d4b" outcome="Passed" testListId="8c84fa94-04c1-424b-9868-57a2d4851a1d" relativeResultsDirectory="bfeb5800-4a20-4593-ae31-34d2de8035d1" />
    <UnitTestResult executionId="3eea7c7e-306b-4d6e-87d1-d9fc9c65da0d" testId="e1f6e00b-35c3-c8e8-9f73-163d62c1ce13" testName="AddingToWishlist_Positive" computerName="G1C2ML15534" duration="00:00:00.0438665" startTime="2019-04-12T14:47:49.0494384+05:30" endTime="2019-04-12T14:47:49.0935415+05:30" testType="13cdc9d9-ddb5-4fa4-a97d-d965ccfc6d4b" outcome="Passed" testListId="8c84fa94-04c1-424b-9868-57a2d4851a1d" relativeResultsDirectory="3eea7c7e-306b-4d6e-87d1-d9fc9c65da0d" />
    <UnitTestResult executionId="caf4e95d-799a-44f5-93a8-82479a7f37ff" testId="4697510e-cc4a-bd72-4eb9-8e302506c65b" testName="PostUser_Negative_Address" computerName="G1C2ML15534" duration="00:00:00.0045090" startTime="2019-04-12T14:48:03.3113602+05:30" endTime="2019-04-12T14:48:03.3161160+05:30" testType="13cdc9d9-ddb5-4fa4-a97d-d965ccfc6d4b" outcome="Passed" testListId="8c84fa94-04c1-424b-9868-57a2d4851a1d" relativeResultsDirectory="caf4e95d-799a-44f5-93a8-82479a7f37ff" />
    <UnitTestResult executionId="9fadf46b-9f2e-453c-8a13-447107fe6729" testId="1d4eaeb3-6c2e-b07e-4f43-ce2736fc69c3" testName="FaceBookUser_NegativeTestCases_TestResult" computerName="G1C2ML15534" duration="00:00:00.0059837" startTime="2019-04-12T14:48:04.2739457+05:30" endTime="2019-04-12T14:48:04.2803540+05:30" testType="13cdc9d9-ddb5-4fa4-a97d-d965ccfc6d4b" outcome="Passed" testListId="8c84fa94-04c1-424b-9868-57a2d4851a1d" relativeResultsDirectory="9fadf46b-9f2e-453c-8a13-447107fe6729" />
    <UnitTestResult executionId="64322a12-137b-4948-b212-faa4f9c7274e" testId="4cf75373-faa5-38bf-7f02-54aa04df3f8a" testName="GetLocation_Positive_CitiesReturnerd" computerName="G1C2ML15534" duration="00:00:00.0101312" startTime="2019-04-12T14:47:53.5832653+05:30" endTime="2019-04-12T14:47:53.5937049+05:30" testType="13cdc9d9-ddb5-4fa4-a97d-d965ccfc6d4b" outcome="Passed" testListId="8c84fa94-04c1-424b-9868-57a2d4851a1d" relativeResultsDirectory="64322a12-137b-4948-b212-faa4f9c7274e" />
    <UnitTestResult executionId="7aa0e1b2-eb73-4e0b-9fc4-d02ecf4f4303" testId="f587dc0a-fb2b-0db0-6a90-edf221f96b3d" testName="GetUser_NegativeTestCases_TestResult" computerName="G1C2ML15534" duration="00:00:00.0074416" startTime="2019-04-12T14:48:04.2526080+05:30" endTime="2019-04-12T14:48:04.2605787+05:30" testType="13cdc9d9-ddb5-4fa4-a97d-d965ccfc6d4b" outcome="Passed" testListId="8c84fa94-04c1-424b-9868-57a2d4851a1d" relativeResultsDirectory="7aa0e1b2-eb73-4e0b-9fc4-d02ecf4f4303" />
    <UnitTestResult executionId="00a2b077-e77e-44e9-bfcb-a4d7256cdce2" testId="27e4f7cd-059b-e990-1147-ba0a3bcd2e70" testName="GetCities_Negative_Exception_CitiesReturned" computerName="G1C2ML15534" duration="00:00:00.3112561" startTime="2019-04-12T14:47:47.7368293+05:30" endTime="2019-04-12T14:47:48.0483715+05:30" testType="13cdc9d9-ddb5-4fa4-a97d-d965ccfc6d4b" outcome="Passed" testListId="8c84fa94-04c1-424b-9868-57a2d4851a1d" relativeResultsDirectory="00a2b077-e77e-44e9-bfcb-a4d7256cdce2" />
    <UnitTestResult executionId="58d46217-30e6-414f-8931-186f957a9a89" testId="c6ac19a4-a50c-735b-d191-1e0ada8e7ecd" testName="AddToBooking_Negative_UserIsNotRenter" computerName="G1C2ML15534" duration="00:00:00.6205341" startTime="2019-04-12T14:47:51.0814593+05:30" endTime="2019-04-12T14:47:51.7021847+05:30" testType="13cdc9d9-ddb5-4fa4-a97d-d965ccfc6d4b" outcome="Passed" testListId="8c84fa94-04c1-424b-9868-57a2d4851a1d" relativeResultsDirectory="58d46217-30e6-414f-8931-186f957a9a89" />
    <UnitTestResult executionId="f7237340-b401-47a3-80e9-d73bc2b62f5a" testId="65d9f182-629d-a938-6942-dbe796e20c39" testName="AddingToWishlist_Negative" computerName="G1C2ML15534" duration="00:00:00.0059524" startTime="2019-04-12T14:47:49.0935849+05:30" endTime="2019-04-12T14:47:49.0998075+05:30" testType="13cdc9d9-ddb5-4fa4-a97d-d965ccfc6d4b" outcome="Passed" testListId="8c84fa94-04c1-424b-9868-57a2d4851a1d" relativeResultsDirectory="f7237340-b401-47a3-80e9-d73bc2b62f5a" />
    <UnitTestResult executionId="218ebbd7-ab91-4957-a473-cce70c668111" testId="6fba6c46-18d5-4154-1f8e-3b13b3e8cf7e" testName="EmailPasswordManager_Positive_TestsReturned" computerName="G1C2ML15534" duration="00:00:05.5276639" startTime="2019-04-12T14:47:55.2304589+05:30" endTime="2019-04-12T14:48:00.7583486+05:30" testType="13cdc9d9-ddb5-4fa4-a97d-d965ccfc6d4b" outcome="Passed" testListId="8c84fa94-04c1-424b-9868-57a2d4851a1d" relativeResultsDirectory="218ebbd7-ab91-4957-a473-cce70c668111" />
    <UnitTestResult executionId="5fbd1a67-58d0-4009-9a2b-9363be87355e" testId="a9eac12b-0897-3d5b-386e-d549bba10349" testName="GetUsers_Positive_UserReturned" computerName="G1C2ML15534" duration="00:00:00.0125860" startTime="2019-04-12T14:48:04.2395973+05:30" endTime="2019-04-12T14:48:04.2525398+05:30" testType="13cdc9d9-ddb5-4fa4-a97d-d965ccfc6d4b" outcome="Passed" testListId="8c84fa94-04c1-424b-9868-57a2d4851a1d" relativeResultsDirectory="5fbd1a67-58d0-4009-9a2b-9363be87355e" />
    <UnitTestResult executionId="9bcda2d5-51ac-4495-9172-f0dc12131827" testId="40b22418-6a20-c16b-ab0c-ff4b3c7b7ab1" testName="PostUser_Negative_UsersType" computerName="G1C2ML15534" duration="00:00:00.0050035" startTime="2019-04-12T14:48:03.2955900+05:30" endTime="2019-04-12T14:48:03.3008305+05:30" testType="13cdc9d9-ddb5-4fa4-a97d-d965ccfc6d4b" outcome="Passed" testListId="8c84fa94-04c1-424b-9868-57a2d4851a1d" relativeResultsDirectory="9bcda2d5-51ac-4495-9172-f0dc12131827" />
    <UnitTestResult executionId="316dc2c5-8eb3-4889-9ac4-3bb8c48c6b4b" testId="8132c2ef-6af1-a77b-5369-78cd31158c94" testName="DeleteRoomBusiness_Positive" computerName="G1C2ML15534" duration="00:00:00.0041227" startTime="2019-04-12T14:47:55.1627367+05:30" endTime="2019-04-12T14:47:55.1671822+05:30" testType="13cdc9d9-ddb5-4fa4-a97d-d965ccfc6d4b" outcome="Passed" testListId="8c84fa94-04c1-424b-9868-57a2d4851a1d" relativeResultsDirectory="316dc2c5-8eb3-4889-9ac4-3bb8c48c6b4b" />
    <UnitTestResult executionId="d43b2b7e-5468-4a10-92d7-1c2efb5f8eda" testId="c8c1df26-2aba-2243-438a-56a8d801cf56" testName="GetUser_Positive_TestsReturned" computerName="G1C2ML15534" duration="00:00:00.0170158" startTime="2019-04-12T14:48:00.7797171+05:30" endTime="2019-04-12T14:48:00.7970959+05:30" testType="13cdc9d9-ddb5-4fa4-a97d-d965ccfc6d4b" outcome="Passed" testListId="8c84fa94-04c1-424b-9868-57a2d4851a1d" relativeResultsDirectory="d43b2b7e-5468-4a10-92d7-1c2efb5f8eda" />
    <UnitTestResult executionId="5e93abb2-facb-4580-bb4a-d9269cd97642" testId="a7d21f8d-1d72-a367-e307-7f9faae06755" testName="AddToBooking_Negative" computerName="G1C2ML15534" duration="00:00:00.6223046" startTime="2019-04-12T14:47:49.8273052+05:30" endTime="2019-04-12T14:47:50.4500970+05:30" testType="13cdc9d9-ddb5-4fa4-a97d-d965ccfc6d4b" outcome="Passed" testListId="8c84fa94-04c1-424b-9868-57a2d4851a1d" relativeResultsDirectory="5e93abb2-facb-4580-bb4a-d9269cd97642" />
    <UnitTestResult executionId="8dfa57d6-a563-47ec-b083-25c033baa2a4" testId="66022b9f-85d7-c478-7253-710b4c948f9e" testName="EmailPasswordManager_Negative_TestsReturned" computerName="G1C2ML15534" duration="00:00:00.0069919" startTime="2019-04-12T14:48:00.7646501+05:30" endTime="2019-04-12T14:48:00.7721136+05:30" testType="13cdc9d9-ddb5-4fa4-a97d-d965ccfc6d4b" outcome="Passed" testListId="8c84fa94-04c1-424b-9868-57a2d4851a1d" relativeResultsDirectory="8dfa57d6-a563-47ec-b083-25c033baa2a4" />
    <UnitTestResult executionId="947bd881-f5a0-443a-953c-392f85d13e13" testId="8c2da79b-6ed0-ff51-55a0-7c7148263943" testName="UpdateUser_Negative_NameMisMatch_TestsReturned" computerName="G1C2ML15534" duration="00:00:00.3066887" startTime="2019-04-12T14:48:01.1103288+05:30" endTime="2019-04-12T14:48:01.4171608+05:30" testType="13cdc9d9-ddb5-4fa4-a97d-d965ccfc6d4b" outcome="Passed" testListId="8c84fa94-04c1-424b-9868-57a2d4851a1d" relativeResultsDirectory="947bd881-f5a0-443a-953c-392f85d13e13" />
    <UnitTestResult executionId="d69334c4-cc6d-4726-a8f8-20e1d02fa73e" testId="da950390-4e4a-cc24-72df-eb64569ec828" testName="PostUser_Negative_UserName" computerName="G1C2ML15534" duration="00:00:00.0195355" startTime="2019-04-12T14:48:03.2609547+05:30" endTime="2019-04-12T14:48:03.2807543+05:30" testType="13cdc9d9-ddb5-4fa4-a97d-d965ccfc6d4b" outcome="Passed" testListId="8c84fa94-04c1-424b-9868-57a2d4851a1d" relativeResultsDirectory="d69334c4-cc6d-4726-a8f8-20e1d02fa73e" />
    <UnitTestResult executionId="e96fa275-4323-4a06-95c8-2e593d834dc9" testId="5faa32c1-afe3-7021-80b7-61d85dc69a47" testName="ForgetPassword_Positive_TestsReturned" computerName="G1C2ML15534" duration="00:00:00.0409671" startTime="2019-04-12T14:47:55.1705067+05:30" endTime="2019-04-12T14:47:55.2124694+05:30" testType="13cdc9d9-ddb5-4fa4-a97d-d965ccfc6d4b" outcome="Passed" testListId="8c84fa94-04c1-424b-9868-57a2d4851a1d" relativeResultsDirectory="e96fa275-4323-4a06-95c8-2e593d834dc9" />
    <UnitTestResult executionId="8c29efea-bae8-4aaf-9113-6bd3a72e85b0" testId="1f0c0d75-ad3f-0ae9-47dd-49abda76f982" testName="GetSearchedRoomDetails_Negative_Exception_RoomsReturned" computerName="G1C2ML15534" duration="00:00:00.3309316" startTime="2019-04-12T14:47:48.7182824+05:30" endTime="2019-04-12T14:47:49.0494011+05:30" testType="13cdc9d9-ddb5-4fa4-a97d-d965ccfc6d4b" outcome="Passed" testListId="8c84fa94-04c1-424b-9868-57a2d4851a1d" relativeResultsDirectory="8c29efea-bae8-4aaf-9113-6bd3a72e85b0" />
    <UnitTestResult executionId="66392023-8179-417b-bd7b-799e69fd91bc" testId="ebe3f9fd-965c-5940-4dc5-a7fcfb8a0602" testName="UpdateUser_Negative_NameEmpty_TestsReturned" computerName="G1C2ML15534" duration="00:00:00.3079134" startTime="2019-04-12T14:48:02.0493307+05:30" endTime="2019-04-12T14:48:02.3575207+05:30" testType="13cdc9d9-ddb5-4fa4-a97d-d965ccfc6d4b" outcome="Passed" testListId="8c84fa94-04c1-424b-9868-57a2d4851a1d" relativeResultsDirectory="66392023-8179-417b-bd7b-799e69fd91bc" />
    <UnitTestResult executionId="6edce75f-d98a-4ab3-a813-3b61a4f7a10f" testId="5fabb640-cda4-7e1c-a9dc-7a1eb80892cc" testName="DeletePartner_Positive" computerName="G1C2ML15534" duration="00:00:00.6309251" startTime="2019-04-12T14:47:41.7710084+05:30" endTime="2019-04-12T14:47:42.4755976+05:30" testType="13cdc9d9-ddb5-4fa4-a97d-d965ccfc6d4b" outcome="Passed" testListId="8c84fa94-04c1-424b-9868-57a2d4851a1d" relativeResultsDirectory="6edce75f-d98a-4ab3-a813-3b61a4f7a10f" />
    <UnitTestResult executionId="257c6b21-5125-4c62-bcf8-31c5a0dbe2eb" testId="970ed252-2e62-6acd-9156-769be010603a" testName="EmailPasswordManager_Negative_Exception_TestsReturned" computerName="G1C2ML15534" duration="00:00:00.0070516" startTime="2019-04-12T14:48:00.7721705+05:30" endTime="2019-04-12T14:48:00.7796598+05:30" testType="13cdc9d9-ddb5-4fa4-a97d-d965ccfc6d4b" outcome="Passed" testListId="8c84fa94-04c1-424b-9868-57a2d4851a1d" relativeResultsDirectory="257c6b21-5125-4c62-bcf8-31c5a0dbe2eb" />
    <UnitTestResult executionId="5a378b86-5df2-47fc-9233-d87ad41d3b01" testId="d0600c07-4bca-144f-5f44-a7944027cd5c" testName="AddToBooking_Negative_RoomAlreadyBooked" computerName="G1C2ML15534" duration="00:00:00.6274975" startTime="2019-04-12T14:47:51.7022108+05:30" endTime="2019-04-12T14:47:52.3298665+05:30" testType="13cdc9d9-ddb5-4fa4-a97d-d965ccfc6d4b" outcome="Passed" testListId="8c84fa94-04c1-424b-9868-57a2d4851a1d" relativeResultsDirectory="5a378b86-5df2-47fc-9233-d87ad41d3b01" />
    <UnitTestResult executionId="a2b613de-be48-4e7f-bde3-83e50118c304" testId="51551e0f-f981-342b-439d-e890812857b5" testName="GetCities_Positive_CitiesReturned" computerName="G1C2ML15534" duration="00:00:04.8431263" startTime="2019-04-12T14:47:42.5192030+05:30" endTime="2019-04-12T14:47:47.3631727+05:30" testType="13cdc9d9-ddb5-4fa4-a97d-d965ccfc6d4b" outcome="Passed" testListId="8c84fa94-04c1-424b-9868-57a2d4851a1d" relativeResultsDirectory="a2b613de-be48-4e7f-bde3-83e50118c304" />
    <UnitTestResult executionId="f152a3e5-1634-48ef-a59c-47083cb94bd1" testId="9cec316b-8a40-f780-8abc-c264d7dc5e0b" testName="DeletePartner_Negavtive" computerName="G1C2ML15534" duration="00:00:00.0054290" startTime="2019-04-12T14:47:42.5133149+05:30" endTime="2019-04-12T14:47:42.5191222+05:30" testType="13cdc9d9-ddb5-4fa4-a97d-d965ccfc6d4b" outcome="Passed" testListId="8c84fa94-04c1-424b-9868-57a2d4851a1d" relativeResultsDirectory="f152a3e5-1634-48ef-a59c-47083cb94bd1" />
    <UnitTestResult executionId="a4e64d9c-faad-4ea9-92ba-842b679bc66c" testId="18ae6c6e-8f9a-e219-a134-4145f1bf2fe7" testName="UpdateUser_Negative_NameAdressEmpty_TestsReturned" computerName="G1C2ML15534" duration="00:00:00.3512868" startTime="2019-04-12T14:48:01.6967724+05:30" endTime="2019-04-12T14:48:02.0492793+05:30" testType="13cdc9d9-ddb5-4fa4-a97d-d965ccfc6d4b" outcome="Passed" testListId="8c84fa94-04c1-424b-9868-57a2d4851a1d" relativeResultsDirectory="a4e64d9c-faad-4ea9-92ba-842b679bc66c" />
    <UnitTestResult executionId="6c538085-b96c-45d5-b851-0c9869edbd93" testId="8f0973dd-bd5c-1201-7c9f-bda97c13fd74" testName="PostUser_Positive_Testresults" computerName="G1C2ML15534" duration="00:00:00.3128082" startTime="2019-04-12T14:48:03.6109096+05:30" endTime="2019-04-12T14:48:03.9239945+05:30" testType="13cdc9d9-ddb5-4fa4-a97d-d965ccfc6d4b" outcome="Passed" testListId="8c84fa94-04c1-424b-9868-57a2d4851a1d" relativeResultsDirectory="6c538085-b96c-45d5-b851-0c9869edbd93" />
    <UnitTestResult executionId="64ec6329-c893-4eb7-b923-43b6c72acf7a" testId="b12be28b-cea0-e811-fc81-4aa713c18876" testName="PostUser_Negative_UsersPassword" computerName="G1C2ML15534" duration="00:00:00.0049900" startTime="2019-04-12T14:48:03.2902393+05:30" endTime="2019-04-12T14:48:03.2955424+05:30" testType="13cdc9d9-ddb5-4fa4-a97d-d965ccfc6d4b" outcome="Passed" testListId="8c84fa94-04c1-424b-9868-57a2d4851a1d" relativeResultsDirectory="64ec6329-c893-4eb7-b923-43b6c72acf7a" />
    <UnitTestResult executionId="1ec7ee18-6e41-4234-a954-4f4cbfc8ffb6" testId="e9b563ae-397e-1384-c7ac-6934068cb515" testName="PostUser_Negative_NameandAddress" computerName="G1C2ML15534" duration="00:00:00.0048962" startTime="2019-04-12T14:48:03.3008744+05:30" endTime="2019-04-12T14:48:03.3060482+05:30" testType="13cdc9d9-ddb5-4fa4-a97d-d965ccfc6d4b" outcome="Passed" testListId="8c84fa94-04c1-424b-9868-57a2d4851a1d" relativeResultsDirectory="1ec7ee18-6e41-4234-a954-4f4cbfc8ffb6" />
    <UnitTestResult executionId="8018cac1-9212-4235-8ea5-0669a7a2645a" testId="8964a3df-8f09-1f29-61a7-10e9bba568dd" testName="GetCities_Negative_CitiesReturned" computerName="G1C2ML15534" duration="00:00:00.3702383" startTime="2019-04-12T14:47:47.3661213+05:30" endTime="2019-04-12T14:47:47.7367813+05:30" testType="13cdc9d9-ddb5-4fa4-a97d-d965ccfc6d4b" outcome="Passed" testListId="8c84fa94-04c1-424b-9868-57a2d4851a1d" relativeResultsDirectory="8018cac1-9212-4235-8ea5-0669a7a2645a" />
    <UnitTestResult executionId="377d1663-4349-4b1c-840b-1d7af0482b24" testId="659581de-8dae-6eb4-9504-a7ffd5152774" testName="ForgetPassword_Negative_EmailEmpty_TestsReturned" computerName="G1C2ML15534" duration="00:00:00.0005794" startTime="2019-04-12T14:47:55.2180006+05:30" endTime="2019-04-12T14:47:55.2187041+05:30" testType="13cdc9d9-ddb5-4fa4-a97d-d965ccfc6d4b" outcome="Passed" testListId="8c84fa94-04c1-424b-9868-57a2d4851a1d" relativeResultsDirectory="377d1663-4349-4b1c-840b-1d7af0482b24" />
    <UnitTestResult executionId="9cfa8453-3b61-45e4-80be-02db03fcf533" testId="c02e5e44-acd9-ec13-ec89-df86b02e0e28" testName="PostRoomsBussiness_Negative" computerName="G1C2ML15534" duration="00:00:00.0027460" startTime="2019-04-12T14:47:55.1597321+05:30" endTime="2019-04-12T14:47:55.1627110+05:30" testType="13cdc9d9-ddb5-4fa4-a97d-d965ccfc6d4b" outcome="Passed" testListId="8c84fa94-04c1-424b-9868-57a2d4851a1d" relativeResultsDirectory="9cfa8453-3b61-45e4-80be-02db03fcf533" />
    <UnitTestResult executionId="66258bc4-1160-4fde-9ac6-ea7f6eddde2a" testId="97652255-86f4-0716-f184-799e66d84252" testName="UpdateUser_Negative_NoId_TestsReturned" computerName="G1C2ML15534" duration="00:00:00.3017141" startTime="2019-04-12T14:48:00.8082265+05:30" endTime="2019-04-12T14:48:01.1103069+05:30" testType="13cdc9d9-ddb5-4fa4-a97d-d965ccfc6d4b" outcome="Passed" testListId="8c84fa94-04c1-424b-9868-57a2d4851a1d" relativeResultsDirectory="66258bc4-1160-4fde-9ac6-ea7f6eddde2a" />
    <UnitTestResult executionId="9dd2a38e-f6e1-46ba-bfe5-c281a63f4bac" testId="36a9bc28-1651-305b-0e6d-6680f1b37fe0" testName="DeleteFromWishList_Positive" computerName="G1C2ML15534" duration="00:00:00.0084614" startTime="2019-04-12T14:47:49.1164762+05:30" endTime="2019-04-12T14:47:49.1255242+05:30" testType="13cdc9d9-ddb5-4fa4-a97d-d965ccfc6d4b" outcome="Passed" testListId="8c84fa94-04c1-424b-9868-57a2d4851a1d" relativeResultsDirectory="9dd2a38e-f6e1-46ba-bfe5-c281a63f4bac" />
    <UnitTestResult executionId="a04701d8-f5a1-4c54-a71d-e9bb1f2232d7" testId="093ead31-7241-06d5-d89c-ba450c9bd07b" testName="AddToBooking_Negative_RenterIdNotThere" computerName="G1C2ML15534" duration="00:00:00.6279001" startTime="2019-04-12T14:47:52.3299137+05:30" endTime="2019-04-12T14:47:52.9580962+05:30" testType="13cdc9d9-ddb5-4fa4-a97d-d965ccfc6d4b" outcome="Passed" testListId="8c84fa94-04c1-424b-9868-57a2d4851a1d" relativeResultsDirectory="a04701d8-f5a1-4c54-a71d-e9bb1f2232d7" />
    <UnitTestResult executionId="03f3bee5-2964-4263-b20c-a97d99a97b3a" testId="669b5e0c-d7e5-3749-6578-3b8a2e10886d" testName="AddToBooking_Negative_RoomIdNotThere" computerName="G1C2ML15534" duration="00:00:00.6243596" startTime="2019-04-12T14:47:52.9581708+05:30" endTime="2019-04-12T14:47:53.5832186+05:30" testType="13cdc9d9-ddb5-4fa4-a97d-d965ccfc6d4b" outcome="Passed" testListId="8c84fa94-04c1-424b-9868-57a2d4851a1d" relativeResultsDirectory="03f3bee5-2964-4263-b20c-a97d99a97b3a" />
    <UnitTestResult executionId="c63372d6-63c0-44dd-a29b-b607fcea2b2f" testId="4542869c-c73a-8b2b-20ec-db33f0b26244" testName="UpdateUser_Negative_Exception_TestsReturned" computerName="G1C2ML15534" duration="00:00:00.2615340" startTime="2019-04-12T14:48:02.9989424+05:30" endTime="2019-04-12T14:48:03.2609123+05:30" testType="13cdc9d9-ddb5-4fa4-a97d-d965ccfc6d4b" outcome="Passed" testListId="8c84fa94-04c1-424b-9868-57a2d4851a1d" relativeResultsDirectory="c63372d6-63c0-44dd-a29b-b607fcea2b2f" />
    <UnitTestResult executionId="3adf1200-a31a-4b59-9188-4af37667f588" testId="414d43db-494c-d169-20be-81234e573d8c" testName="PostUser_Negative_Name" computerName="G1C2ML15534" duration="00:00:00.0049881" startTime="2019-04-12T14:48:03.3060907+05:30" endTime="2019-04-12T14:48:03.3113186+05:30" testType="13cdc9d9-ddb5-4fa4-a97d-d965ccfc6d4b" outcome="Passed" testListId="8c84fa94-04c1-424b-9868-57a2d4851a1d" relativeResultsDirectory="3adf1200-a31a-4b59-9188-4af37667f588" />
    <UnitTestResult executionId="d2a5bf38-0770-40a1-ac35-d89703e2e900" testId="62d841ae-55e1-5269-4452-a3f7324e6106" testName="DeleteFromWishList_Negative" computerName="G1C2ML15534" duration="00:00:00.0047511" startTime="2019-04-12T14:47:49.1255578+05:30" endTime="2019-04-12T14:47:49.1305077+05:30" testType="13cdc9d9-ddb5-4fa4-a97d-d965ccfc6d4b" outcome="Passed" testListId="8c84fa94-04c1-424b-9868-57a2d4851a1d" relativeResultsDirectory="d2a5bf38-0770-40a1-ac35-d89703e2e900" />
    <UnitTestResult executionId="397a8d06-c42f-4c8f-b0d3-3f874c4e7722" testId="737e9915-04a4-3967-b85a-ba924c847d3b" testName="DisplayWishList_Positive" computerName="G1C2ML15534" duration="00:00:00.0099445" startTime="2019-04-12T14:47:49.0998448+05:30" endTime="2019-04-12T14:47:49.1100255+05:30" testType="13cdc9d9-ddb5-4fa4-a97d-d965ccfc6d4b" outcome="Passed" testListId="8c84fa94-04c1-424b-9868-57a2d4851a1d" relativeResultsDirectory="397a8d06-c42f-4c8f-b0d3-3f874c4e7722" />
    <UnitTestResult executionId="c09831e0-8518-4a87-8ebd-b539bb85b3bb" testId="82b98ed1-d9bb-ae51-bd04-7db1e9146de4" testName="GetPartnerCustomer_Positive" computerName="G1C2ML15534" duration="00:00:00.0274456" startTime="2019-04-12T14:47:53.5937524+05:30" endTime="2019-04-12T14:47:53.6218292+05:30" testType="13cdc9d9-ddb5-4fa4-a97d-d965ccfc6d4b" outcome="Passed" testListId="8c84fa94-04c1-424b-9868-57a2d4851a1d" relativeResultsDirectory="c09831e0-8518-4a87-8ebd-b539bb85b3bb" />
    <UnitTestResult executionId="b7b036c2-4760-4571-8cd7-3f34b8ecc028" testId="6e6ac165-a138-0209-be32-de8b9144765b" testName="UpdateUser_Positive_TestsReturned" computerName="G1C2ML15534" duration="00:00:00.3282052" startTime="2019-04-12T14:48:02.6704704+05:30" endTime="2019-04-12T14:48:02.9988691+05:30" testType="13cdc9d9-ddb5-4fa4-a97d-d965ccfc6d4b" outcome="Passed" testListId="8c84fa94-04c1-424b-9868-57a2d4851a1d" relativeResultsDirectory="b7b036c2-4760-4571-8cd7-3f34b8ecc028" />
    <UnitTestResult executionId="ce87e885-b36d-4674-8201-42537fd47b34" testId="69f7caa1-0f08-79de-e519-bac9172f6786" testName="ForgetPassword_Negative_MailNotExist_TestsReturned" computerName="G1C2ML15534" duration="00:00:00.0052326" startTime="2019-04-12T14:47:55.2125067+05:30" endTime="2019-04-12T14:47:55.2179763+05:30" testType="13cdc9d9-ddb5-4fa4-a97d-d965ccfc6d4b" outcome="Passed" testListId="8c84fa94-04c1-424b-9868-57a2d4851a1d" relativeResultsDirectory="ce87e885-b36d-4674-8201-42537fd47b34" />
    <UnitTestResult executionId="5d8c9d66-920e-460f-8cf0-8b4e173acb99" testId="ac1b204c-2df9-961b-acda-8ab41c013f51" testName="FaceBookUsers_Positive_UserReturned" computerName="G1C2ML15534" duration="00:00:00.0127624" startTime="2019-04-12T14:48:04.2606356+05:30" endTime="2019-04-12T14:48:04.2738650+05:30" testType="13cdc9d9-ddb5-4fa4-a97d-d965ccfc6d4b" outcome="Passed" testListId="8c84fa94-04c1-424b-9868-57a2d4851a1d" relativeResultsDirectory="5d8c9d66-920e-460f-8cf0-8b4e173acb99" />
    <UnitTestResult executionId="c0e9eb5d-d0fd-4971-b202-daab1bbdd47e" testId="deca059b-2407-f2d0-fd87-74a3f64b1087" testName="ForgetPassword_Negative_Exception_TestsReturned" computerName="G1C2ML15534" duration="00:00:00.0036571" startTime="2019-04-12T14:47:55.2192542+05:30" endTime="2019-04-12T14:47:55.2230387+05:30" testType="13cdc9d9-ddb5-4fa4-a97d-d965ccfc6d4b" outcome="Passed" testListId="8c84fa94-04c1-424b-9868-57a2d4851a1d" relativeResultsDirectory="c0e9eb5d-d0fd-4971-b202-daab1bbdd47e" />
    <UnitTestResult executionId="b38b2d63-d77a-481a-9c2b-d0ad3d57b82e" testId="327e9505-1afa-b3ac-ca70-82b422036662" testName="GetUser_Negative_TestsReturned" computerName="G1C2ML15534" duration="00:00:00.0057723" startTime="2019-04-12T14:48:00.7971398+05:30" endTime="2019-04-12T14:48:00.8032318+05:30" testType="13cdc9d9-ddb5-4fa4-a97d-d965ccfc6d4b" outcome="Passed" testListId="8c84fa94-04c1-424b-9868-57a2d4851a1d" relativeResultsDirectory="b38b2d63-d77a-481a-9c2b-d0ad3d57b82e" />
    <UnitTestResult executionId="99a1b1c5-094c-4d5f-aa00-36335d332e8e" testId="3c407f77-c9d5-9a76-177b-3741fdeabdb6" testName="PostUser_Negative_UsersEmail" computerName="G1C2ML15534" duration="00:00:00.0041320" startTime="2019-04-12T14:48:03.2807977+05:30" endTime="2019-04-12T14:48:03.2851812+05:30" testType="13cdc9d9-ddb5-4fa4-a97d-d965ccfc6d4b" outcome="Passed" testListId="8c84fa94-04c1-424b-9868-57a2d4851a1d" relativeResultsDirectory="99a1b1c5-094c-4d5f-aa00-36335d332e8e" />
    <UnitTestResult executionId="263cf241-6db0-4d1d-b320-2f75e9426991" testId="b91e662a-5719-aed1-7abb-b747aeefd097" testName="GetUser_Negative_Exception_TestsReturned" computerName="G1C2ML15534" duration="00:00:00.0045976" startTime="2019-04-12T14:48:00.8032729+05:30" endTime="2019-04-12T14:48:00.8081747+05:30" testType="13cdc9d9-ddb5-4fa4-a97d-d965ccfc6d4b" outcome="Passed" testListId="8c84fa94-04c1-424b-9868-57a2d4851a1d" relativeResultsDirectory="263cf241-6db0-4d1d-b320-2f75e9426991" />
    <UnitTestResult executionId="e4ee6cde-ee31-401a-b2b4-c87228eac90f" testId="58382e6d-dce2-85df-16bf-433c7ae026bd" testName="UpdateUser_Negative_AddressEmpty_TestsReturned" computerName="G1C2ML15534" duration="00:00:00.3124989" startTime="2019-04-12T14:48:02.3575837+05:30" endTime="2019-04-12T14:48:02.6704419+05:30" testType="13cdc9d9-ddb5-4fa4-a97d-d965ccfc6d4b" outcome="Passed" testListId="8c84fa94-04c1-424b-9868-57a2d4851a1d" relativeResultsDirectory="e4ee6cde-ee31-401a-b2b4-c87228eac90f" />
    <UnitTestResult executionId="6247ac0a-24ed-4f9a-999a-34893b79514a" testId="1ed4539c-8fd8-a255-beb5-2e2ce350e1c9" testName="DeleteRoomBusiness_Negative" computerName="G1C2ML15534" duration="00:00:00.0031085" startTime="2019-04-12T14:47:55.1672074+05:30" endTime="2019-04-12T14:47:55.1704642+05:30" testType="13cdc9d9-ddb5-4fa4-a97d-d965ccfc6d4b" outcome="Passed" testListId="8c84fa94-04c1-424b-9868-57a2d4851a1d" relativeResultsDirectory="6247ac0a-24ed-4f9a-999a-34893b79514a" />
    <UnitTestResult executionId="3716d1f6-16e3-4deb-8e51-bcb6eb01992e" testId="d3d1a33f-a5ae-dec3-721f-983eb9c85feb" testName="ForgetPassword_Negative_PasswordEmpty_TestsReturned" computerName="G1C2ML15534" duration="00:00:00.0003741" startTime="2019-04-12T14:47:55.2187293+05:30" endTime="2019-04-12T14:47:55.2192309+05:30" testType="13cdc9d9-ddb5-4fa4-a97d-d965ccfc6d4b" outcome="Passed" testListId="8c84fa94-04c1-424b-9868-57a2d4851a1d" relativeResultsDirectory="3716d1f6-16e3-4deb-8e51-bcb6eb01992e" />
    <UnitTestResult executionId="02a07b9f-d580-4cc3-bb75-652d37f48991" testId="3905d9f5-3684-08f3-392f-cef26617766e" testName="PostRoomsBusiness_Positive" computerName="G1C2ML15534" duration="00:00:01.5374690" startTime="2019-04-12T14:47:53.6218908+05:30" endTime="2019-04-12T14:47:55.1596995+05:30" testType="13cdc9d9-ddb5-4fa4-a97d-d965ccfc6d4b" outcome="Passed" testListId="8c84fa94-04c1-424b-9868-57a2d4851a1d" relativeResultsDirectory="02a07b9f-d580-4cc3-bb75-652d37f48991" />
    <UnitTestResult executionId="5a8e0629-3783-4711-b1a0-e5c7dc3b3ea2" testId="f0adab14-8dca-d3e4-9d2f-3db518c8dd0e" testName="PostUser_Negative_TestResults" computerName="G1C2ML15534" duration="00:00:00.3151908" startTime="2019-04-12T14:48:03.9240402+05:30" endTime="2019-04-12T14:48:04.2395106+05:30" testType="13cdc9d9-ddb5-4fa4-a97d-d965ccfc6d4b" outcome="Passed" testListId="8c84fa94-04c1-424b-9868-57a2d4851a1d" relativeResultsDirectory="5a8e0629-3783-4711-b1a0-e5c7dc3b3ea2" />
    <UnitTestResult executionId="1b8b9119-8909-4e99-b0e5-b6acfa30e2f0" testId="4d261148-c13c-c9cd-518c-c2501020cf13" testName="UpdateUser_Negative_PhoneMisMatch_TestsReturned" computerName="G1C2ML15534" duration="00:00:00.2562449" startTime="2019-04-12T14:48:01.4172182+05:30" endTime="2019-04-12T14:48:01.6738820+05:30" testType="13cdc9d9-ddb5-4fa4-a97d-d965ccfc6d4b" outcome="Passed" testListId="8c84fa94-04c1-424b-9868-57a2d4851a1d" relativeResultsDirectory="1b8b9119-8909-4e99-b0e5-b6acfa30e2f0" />
    <UnitTestResult executionId="b6442bd4-12e0-4b2a-b2e6-1cbf8025ada3" testId="adedb5b0-933e-56de-ff9a-0e44c1404799" testName="PostUser_Negative_UsersPhoneNo" computerName="G1C2ML15534" duration="00:00:00.0047166" startTime="2019-04-12T14:48:03.2852237+05:30" endTime="2019-04-12T14:48:03.2901866+05:30" testType="13cdc9d9-ddb5-4fa4-a97d-d965ccfc6d4b" outcome="Passed" testListId="8c84fa94-04c1-424b-9868-57a2d4851a1d" relativeResultsDirectory="b6442bd4-12e0-4b2a-b2e6-1cbf8025ada3" />
    <UnitTestResult executionId="b7e33188-11f2-4c88-b428-6e15214f0496" testId="692a153d-586b-0cf6-ce12-efdadbc5d7eb" testName="GetSearchedRoomDetails_Positive_RoomsReturned" computerName="G1C2ML15534" duration="00:00:00.6657751" startTime="2019-04-12T14:47:48.0484186+05:30" endTime="2019-04-12T14:47:48.7145007+05:30" testType="13cdc9d9-ddb5-4fa4-a97d-d965ccfc6d4b" outcome="Passed" testListId="8c84fa94-04c1-424b-9868-57a2d4851a1d" relativeResultsDirectory="b7e33188-11f2-4c88-b428-6e15214f0496" />
    <UnitTestResult executionId="65d35bb1-8af3-484a-8f68-e8d9d77b6678" testId="e94e05c6-fdcc-b590-5690-646cf7312a5d" testName="DisplayWishList_Negative" computerName="G1C2ML15534" duration="00:00:00.0060677" startTime="2019-04-12T14:47:49.1100703+05:30" endTime="2019-04-12T14:47:49.1164254+05:30" testType="13cdc9d9-ddb5-4fa4-a97d-d965ccfc6d4b" outcome="Passed" testListId="8c84fa94-04c1-424b-9868-57a2d4851a1d" relativeResultsDirectory="65d35bb1-8af3-484a-8f68-e8d9d77b6678" />
    <UnitTestResult executionId="f5d1d8d6-d1ba-4376-b6ad-f1a95cf4cd97" testId="2a46f4ae-ff94-6c46-7448-a8f30f6642a5" testName="EmailPasswordManager_Negative_EmailEmpty_TestsReturned" computerName="G1C2ML15534" duration="00:00:00.0013286" startTime="2019-04-12T14:48:00.7622581+05:30" endTime="2019-04-12T14:48:00.7645899+05:30" testType="13cdc9d9-ddb5-4fa4-a97d-d965ccfc6d4b" outcome="Passed" testListId="8c84fa94-04c1-424b-9868-57a2d4851a1d" relativeResultsDirectory="f5d1d8d6-d1ba-4376-b6ad-f1a95cf4cd97" />
    <UnitTestResult executionId="0b0a5cb1-8fa1-411c-9539-adf926783868" testId="e11e44b7-1751-430d-baf7-f73132d1582d" testName="AddToBooking_Positive" computerName="G1C2ML15534" duration="00:00:00.6963376" startTime="2019-04-12T14:47:49.1305590+05:30" endTime="2019-04-12T14:47:49.8272577+05:30" testType="13cdc9d9-ddb5-4fa4-a97d-d965ccfc6d4b" outcome="Passed" testListId="8c84fa94-04c1-424b-9868-57a2d4851a1d" relativeResultsDirectory="0b0a5cb1-8fa1-411c-9539-adf926783868" />
  </Results>
  <TestDefinitions>
    <UnitTest name="AddToBooking_Negative_UserStatusInvalid" storage="d:\findmyroom-dotnetwebapi\findmyroom\findmyroom.businessmanager.tests\bin\debug\netcoreapp2.1\findmyroom.businessmanager.tests.dll" id="f077ca93-8f38-d73a-ce7d-bced0b56f133">
      <Execution id="dc988232-7e48-4538-800e-f9c88abec361" />
      <TestMethod codeBase="D:\FindMyRoom-DotNetWebAPI\FindMyRoom\FindMyRoom.BusinessManager.Tests\bin\Debug\netcoreapp2.1\FindMyRoom.BusinessManager.Tests.dll" adapterTypeName="executor://mstestadapter/v2" className="FindMyRoom.BusinessManager.Tests.BookingManagerTest" name="AddToBooking_Negative_UserStatusInvalid" />
    </UnitTest>
    <UnitTest name="PostUser_Negative_UserName" storage="d:\findmyroom-dotnetwebapi\findmyroom\findmyroom.businessmanager.tests\bin\debug\netcoreapp2.1\findmyroom.businessmanager.tests.dll" id="da950390-4e4a-cc24-72df-eb64569ec828">
      <Execution id="d69334c4-cc6d-4726-a8f8-20e1d02fa73e" />
      <TestMethod codeBase="D:\FindMyRoom-DotNetWebAPI\FindMyRoom\FindMyRoom.BusinessManager.Tests\bin\Debug\netcoreapp2.1\FindMyRoom.BusinessManager.Tests.dll" adapterTypeName="executor://mstestadapter/v2" className="FindMyRoom.BusinessManager.Tests.UserManagerTest" name="PostUser_Negative_UserName" />
    </UnitTest>
    <UnitTest name="UpdateUser_Positive_TestsReturned" storage="d:\findmyroom-dotnetwebapi\findmyroom\findmyroom.businessmanager.tests\bin\debug\netcoreapp2.1\findmyroom.businessmanager.tests.dll" id="6e6ac165-a138-0209-be32-de8b9144765b">
      <Execution id="b7b036c2-4760-4571-8cd7-3f34b8ecc028" />
      <TestMethod codeBase="D:\FindMyRoom-DotNetWebAPI\FindMyRoom\FindMyRoom.BusinessManager.Tests\bin\Debug\netcoreapp2.1\FindMyRoom.BusinessManager.Tests.dll" adapterTypeName="executor://mstestadapter/v2" className="FindMyRoom.BusinessManager.Tests.UserManagerTest" name="UpdateUser_Positive_TestsReturned" />
    </UnitTest>
    <UnitTest name="DeletePartner_Positive" storage="d:\findmyroom-dotnetwebapi\findmyroom\findmyroom.businessmanager.tests\bin\debug\netcoreapp2.1\findmyroom.businessmanager.tests.dll" id="5fabb640-cda4-7e1c-a9dc-7a1eb80892cc">
      <Execution id="6edce75f-d98a-4ab3-a813-3b61a4f7a10f" />
      <TestMethod codeBase="D:\FindMyRoom-DotNetWebAPI\FindMyRoom\FindMyRoom.BusinessManager.Tests\bin\Debug\netcoreapp2.1\FindMyRoom.BusinessManager.Tests.dll" adapterTypeName="executor://mstestadapter/v2" className="FindMyRoom.BusinessManager.Tests.AdminManagerTest" name="DeletePartner_Positive" />
    </UnitTest>
    <UnitTest name="AddToBooking_Negative_RenterIdNotThere" storage="d:\findmyroom-dotnetwebapi\findmyroom\findmyroom.businessmanager.tests\bin\debug\netcoreapp2.1\findmyroom.businessmanager.tests.dll" id="093ead31-7241-06d5-d89c-ba450c9bd07b">
      <Execution id="a04701d8-f5a1-4c54-a71d-e9bb1f2232d7" />
      <TestMethod codeBase="D:\FindMyRoom-DotNetWebAPI\FindMyRoom\FindMyRoom.BusinessManager.Tests\bin\Debug\netcoreapp2.1\FindMyRoom.BusinessManager.Tests.dll" adapterTypeName="executor://mstestadapter/v2" className="FindMyRoom.BusinessManager.Tests.BookingManagerTest" name="AddToBooking_Negative_RenterIdNotThere" />
    </UnitTest>
    <UnitTest name="PostUser_Negative_UsersEmail" storage="d:\findmyroom-dotnetwebapi\findmyroom\findmyroom.businessmanager.tests\bin\debug\netcoreapp2.1\findmyroom.businessmanager.tests.dll" id="3c407f77-c9d5-9a76-177b-3741fdeabdb6">
      <Execution id="99a1b1c5-094c-4d5f-aa00-36335d332e8e" />
      <TestMethod codeBase="D:\FindMyRoom-DotNetWebAPI\FindMyRoom\FindMyRoom.BusinessManager.Tests\bin\Debug\netcoreapp2.1\FindMyRoom.BusinessManager.Tests.dll" adapterTypeName="executor://mstestadapter/v2" className="FindMyRoom.BusinessManager.Tests.UserManagerTest" name="PostUser_Negative_UsersEmail" />
    </UnitTest>
    <UnitTest name="EmailPasswordManager_Negative_EmailEmpty_TestsReturned" storage="d:\findmyroom-dotnetwebapi\findmyroom\findmyroom.businessmanager.tests\bin\debug\netcoreapp2.1\findmyroom.businessmanager.tests.dll" id="2a46f4ae-ff94-6c46-7448-a8f30f6642a5">
      <Execution id="f5d1d8d6-d1ba-4376-b6ad-f1a95cf4cd97" />
      <TestMethod codeBase="D:\FindMyRoom-DotNetWebAPI\FindMyRoom\FindMyRoom.BusinessManager.Tests\bin\Debug\netcoreapp2.1\FindMyRoom.BusinessManager.Tests.dll" adapterTypeName="executor://mstestadapter/v2" className="FindMyRoom.BusinessManager.Tests.UserManagerTest" name="EmailPasswordManager_Negative_EmailEmpty_TestsReturned" />
    </UnitTest>
    <UnitTest name="GetCities_Negative_Exception_CitiesReturned" storage="d:\findmyroom-dotnetwebapi\findmyroom\findmyroom.businessmanager.tests\bin\debug\netcoreapp2.1\findmyroom.businessmanager.tests.dll" id="27e4f7cd-059b-e990-1147-ba0a3bcd2e70">
      <Execution id="00a2b077-e77e-44e9-bfcb-a4d7256cdce2" />
      <TestMethod codeBase="D:\FindMyRoom-DotNetWebAPI\FindMyRoom\FindMyRoom.BusinessManager.Tests\bin\Debug\netcoreapp2.1\FindMyRoom.BusinessManager.Tests.dll" adapterTypeName="executor://mstestadapter/v2" className="FindMyRoom.BusinessManager.Tests.BookingManagerTest" name="GetCities_Negative_Exception_CitiesReturned" />
    </UnitTest>
    <UnitTest name="DeleteRoomBusiness_Positive" storage="d:\findmyroom-dotnetwebapi\findmyroom\findmyroom.businessmanager.tests\bin\debug\netcoreapp2.1\findmyroom.businessmanager.tests.dll" id="8132c2ef-6af1-a77b-5369-78cd31158c94">
      <Execution id="316dc2c5-8eb3-4889-9ac4-3bb8c48c6b4b" />
      <TestMethod codeBase="D:\FindMyRoom-DotNetWebAPI\FindMyRoom\FindMyRoom.BusinessManager.Tests\bin\Debug\netcoreapp2.1\FindMyRoom.BusinessManager.Tests.dll" adapterTypeName="executor://mstestadapter/v2" className="FindMyRoom.BusinessManager.Tests.RoomManagerTest" name="DeleteRoomBusiness_Positive" />
    </UnitTest>
    <UnitTest name="EmailPasswordManager_Positive_TestsReturned" storage="d:\findmyroom-dotnetwebapi\findmyroom\findmyroom.businessmanager.tests\bin\debug\netcoreapp2.1\findmyroom.businessmanager.tests.dll" id="6fba6c46-18d5-4154-1f8e-3b13b3e8cf7e">
      <Execution id="218ebbd7-ab91-4957-a473-cce70c668111" />
      <TestMethod codeBase="D:\FindMyRoom-DotNetWebAPI\FindMyRoom\FindMyRoom.BusinessManager.Tests\bin\Debug\netcoreapp2.1\FindMyRoom.BusinessManager.Tests.dll" adapterTypeName="executor://mstestadapter/v2" className="FindMyRoom.BusinessManager.Tests.UserManagerTest" name="EmailPasswordManager_Positive_TestsReturned" />
    </UnitTest>
    <UnitTest name="GetSearchedRoomDetails_Positive_RoomsReturned" storage="d:\findmyroom-dotnetwebapi\findmyroom\findmyroom.businessmanager.tests\bin\debug\netcoreapp2.1\findmyroom.businessmanager.tests.dll" id="692a153d-586b-0cf6-ce12-efdadbc5d7eb">
      <Execution id="b7e33188-11f2-4c88-b428-6e15214f0496" />
      <TestMethod codeBase="D:\FindMyRoom-DotNetWebAPI\FindMyRoom\FindMyRoom.BusinessManager.Tests\bin\Debug\netcoreapp2.1\FindMyRoom.BusinessManager.Tests.dll" adapterTypeName="executor://mstestadapter/v2" className="FindMyRoom.BusinessManager.Tests.BookingManagerTest" name="GetSearchedRoomDetails_Positive_RoomsReturned" />
    </UnitTest>
    <UnitTest name="UpdateUser_Negative_Exception_TestsReturned" storage="d:\findmyroom-dotnetwebapi\findmyroom\findmyroom.businessmanager.tests\bin\debug\netcoreapp2.1\findmyroom.businessmanager.tests.dll" id="4542869c-c73a-8b2b-20ec-db33f0b26244">
      <Execution id="c63372d6-63c0-44dd-a29b-b607fcea2b2f" />
      <TestMethod codeBase="D:\FindMyRoom-DotNetWebAPI\FindMyRoom\FindMyRoom.BusinessManager.Tests\bin\Debug\netcoreapp2.1\FindMyRoom.BusinessManager.Tests.dll" adapterTypeName="executor://mstestadapter/v2" className="FindMyRoom.BusinessManager.Tests.UserManagerTest" name="UpdateUser_Negative_Exception_TestsReturned" />
    </UnitTest>
    <UnitTest name="PostUser_Negative_UsersType" storage="d:\findmyroom-dotnetwebapi\findmyroom\findmyroom.businessmanager.tests\bin\debug\netcoreapp2.1\findmyroom.businessmanager.tests.dll" id="40b22418-6a20-c16b-ab0c-ff4b3c7b7ab1">
      <Execution id="9bcda2d5-51ac-4495-9172-f0dc12131827" />
      <TestMethod codeBase="D:\FindMyRoom-DotNetWebAPI\FindMyRoom\FindMyRoom.BusinessManager.Tests\bin\Debug\netcoreapp2.1\FindMyRoom.BusinessManager.Tests.dll" adapterTypeName="executor://mstestadapter/v2" className="FindMyRoom.BusinessManager.Tests.UserManagerTest" name="PostUser_Negative_UsersType" />
    </UnitTest>
    <UnitTest name="DisplayWishList_Positive" storage="d:\findmyroom-dotnetwebapi\findmyroom\findmyroom.businessmanager.tests\bin\debug\netcoreapp2.1\findmyroom.businessmanager.tests.dll" id="737e9915-04a4-3967-b85a-ba924c847d3b">
      <Execution id="397a8d06-c42f-4c8f-b0d3-3f874c4e7722" />
      <TestMethod codeBase="D:\FindMyRoom-DotNetWebAPI\FindMyRoom\FindMyRoom.BusinessManager.Tests\bin\Debug\netcoreapp2.1\FindMyRoom.BusinessManager.Tests.dll" adapterTypeName="executor://mstestadapter/v2" className="FindMyRoom.BusinessManager.Tests.BookingManagerTest" name="DisplayWishList_Positive" />
    </UnitTest>
    <UnitTest name="PostUser_Negative_TestResults" storage="d:\findmyroom-dotnetwebapi\findmyroom\findmyroom.businessmanager.tests\bin\debug\netcoreapp2.1\findmyroom.businessmanager.tests.dll" id="f0adab14-8dca-d3e4-9d2f-3db518c8dd0e">
      <Execution id="5a8e0629-3783-4711-b1a0-e5c7dc3b3ea2" />
      <TestMethod codeBase="D:\FindMyRoom-DotNetWebAPI\FindMyRoom\FindMyRoom.BusinessManager.Tests\bin\Debug\netcoreapp2.1\FindMyRoom.BusinessManager.Tests.dll" adapterTypeName="executor://mstestadapter/v2" className="FindMyRoom.BusinessManager.Tests.UserManagerTest" name="PostUser_Negative_TestResults" />
    </UnitTest>
    <UnitTest name="AddingToWishlist_Positive" storage="d:\findmyroom-dotnetwebapi\findmyroom\findmyroom.businessmanager.tests\bin\debug\netcoreapp2.1\findmyroom.businessmanager.tests.dll" id="e1f6e00b-35c3-c8e8-9f73-163d62c1ce13">
      <Execution id="3eea7c7e-306b-4d6e-87d1-d9fc9c65da0d" />
      <TestMethod codeBase="D:\FindMyRoom-DotNetWebAPI\FindMyRoom\FindMyRoom.BusinessManager.Tests\bin\Debug\netcoreapp2.1\FindMyRoom.BusinessManager.Tests.dll" adapterTypeName="executor://mstestadapter/v2" className="FindMyRoom.BusinessManager.Tests.BookingManagerTest" name="AddingToWishlist_Positive" />
    </UnitTest>
    <UnitTest name="FaceBookUser_NegativeTestCases_TestResult" storage="d:\findmyroom-dotnetwebapi\findmyroom\findmyroom.businessmanager.tests\bin\debug\netcoreapp2.1\findmyroom.businessmanager.tests.dll" id="1d4eaeb3-6c2e-b07e-4f43-ce2736fc69c3">
      <Execution id="9fadf46b-9f2e-453c-8a13-447107fe6729" />
      <TestMethod codeBase="D:\FindMyRoom-DotNetWebAPI\FindMyRoom\FindMyRoom.BusinessManager.Tests\bin\Debug\netcoreapp2.1\FindMyRoom.BusinessManager.Tests.dll" adapterTypeName="executor://mstestadapter/v2" className="FindMyRoom.BusinessManager.Tests.UserManagerTest" name="FaceBookUser_NegativeTestCases_TestResult" />
    </UnitTest>
    <UnitTest name="DeleteFromWishList_Negative" storage="d:\findmyroom-dotnetwebapi\findmyroom\findmyroom.businessmanager.tests\bin\debug\netcoreapp2.1\findmyroom.businessmanager.tests.dll" id="62d841ae-55e1-5269-4452-a3f7324e6106">
      <Execution id="d2a5bf38-0770-40a1-ac35-d89703e2e900" />
      <TestMethod codeBase="D:\FindMyRoom-DotNetWebAPI\FindMyRoom\FindMyRoom.BusinessManager.Tests\bin\Debug\netcoreapp2.1\FindMyRoom.BusinessManager.Tests.dll" adapterTypeName="executor://mstestadapter/v2" className="FindMyRoom.BusinessManager.Tests.BookingManagerTest" name="DeleteFromWishList_Negative" />
    </UnitTest>
    <UnitTest name="DeleteFromWishList_Positive" storage="d:\findmyroom-dotnetwebapi\findmyroom\findmyroom.businessmanager.tests\bin\debug\netcoreapp2.1\findmyroom.businessmanager.tests.dll" id="36a9bc28-1651-305b-0e6d-6680f1b37fe0">
      <Execution id="9dd2a38e-f6e1-46ba-bfe5-c281a63f4bac" />
      <TestMethod codeBase="D:\FindMyRoom-DotNetWebAPI\FindMyRoom\FindMyRoom.BusinessManager.Tests\bin\Debug\netcoreapp2.1\FindMyRoom.BusinessManager.Tests.dll" adapterTypeName="executor://mstestadapter/v2" className="FindMyRoom.BusinessManager.Tests.BookingManagerTest" name="DeleteFromWishList_Positive" />
    </UnitTest>
    <UnitTest name="FaceBookUsers_Positive_UserReturned" storage="d:\findmyroom-dotnetwebapi\findmyroom\findmyroom.businessmanager.tests\bin\debug\netcoreapp2.1\findmyroom.businessmanager.tests.dll" id="ac1b204c-2df9-961b-acda-8ab41c013f51">
      <Execution id="5d8c9d66-920e-460f-8cf0-8b4e173acb99" />
      <TestMethod codeBase="D:\FindMyRoom-DotNetWebAPI\FindMyRoom\FindMyRoom.BusinessManager.Tests\bin\Debug\netcoreapp2.1\FindMyRoom.BusinessManager.Tests.dll" adapterTypeName="executor://mstestadapter/v2" className="FindMyRoom.BusinessManager.Tests.UserManagerTest" name="FaceBookUsers_Positive_UserReturned" />
    </UnitTest>
    <UnitTest name="ForgetPassword_Negative_EmailEmpty_TestsReturned" storage="d:\findmyroom-dotnetwebapi\findmyroom\findmyroom.businessmanager.tests\bin\debug\netcoreapp2.1\findmyroom.businessmanager.tests.dll" id="659581de-8dae-6eb4-9504-a7ffd5152774">
      <Execution id="377d1663-4349-4b1c-840b-1d7af0482b24" />
      <TestMethod codeBase="D:\FindMyRoom-DotNetWebAPI\FindMyRoom\FindMyRoom.BusinessManager.Tests\bin\Debug\netcoreapp2.1\FindMyRoom.BusinessManager.Tests.dll" adapterTypeName="executor://mstestadapter/v2" className="FindMyRoom.BusinessManager.Tests.UserManagerTest" name="ForgetPassword_Negative_EmailEmpty_TestsReturned" />
    </UnitTest>
    <UnitTest name="PostRoomsBusiness_Positive" storage="d:\findmyroom-dotnetwebapi\findmyroom\findmyroom.businessmanager.tests\bin\debug\netcoreapp2.1\findmyroom.businessmanager.tests.dll" id="3905d9f5-3684-08f3-392f-cef26617766e">
      <Execution id="02a07b9f-d580-4cc3-bb75-652d37f48991" />
      <TestMethod codeBase="D:\FindMyRoom-DotNetWebAPI\FindMyRoom\FindMyRoom.BusinessManager.Tests\bin\Debug\netcoreapp2.1\FindMyRoom.BusinessManager.Tests.dll" adapterTypeName="executor://mstestadapter/v2" className="FindMyRoom.BusinessManager.Tests.RoomManagerTest" name="PostRoomsBusiness_Positive" />
    </UnitTest>
    <UnitTest name="PostUser_Negative_NameandAddress" storage="d:\findmyroom-dotnetwebapi\findmyroom\findmyroom.businessmanager.tests\bin\debug\netcoreapp2.1\findmyroom.businessmanager.tests.dll" id="e9b563ae-397e-1384-c7ac-6934068cb515">
      <Execution id="1ec7ee18-6e41-4234-a954-4f4cbfc8ffb6" />
      <TestMethod codeBase="D:\FindMyRoom-DotNetWebAPI\FindMyRoom\FindMyRoom.BusinessManager.Tests\bin\Debug\netcoreapp2.1\FindMyRoom.BusinessManager.Tests.dll" adapterTypeName="executor://mstestadapter/v2" className="FindMyRoom.BusinessManager.Tests.UserManagerTest" name="PostUser_Negative_NameandAddress" />
    </UnitTest>
    <UnitTest name="GetUser_Negative_Exception_TestsReturned" storage="d:\findmyroom-dotnetwebapi\findmyroom\findmyroom.businessmanager.tests\bin\debug\netcoreapp2.1\findmyroom.businessmanager.tests.dll" id="b91e662a-5719-aed1-7abb-b747aeefd097">
      <Execution id="263cf241-6db0-4d1d-b320-2f75e9426991" />
      <TestMethod codeBase="D:\FindMyRoom-DotNetWebAPI\FindMyRoom\FindMyRoom.BusinessManager.Tests\bin\Debug\netcoreapp2.1\FindMyRoom.BusinessManager.Tests.dll" adapterTypeName="executor://mstestadapter/v2" className="FindMyRoom.BusinessManager.Tests.UserManagerTest" name="GetUser_Negative_Exception_TestsReturned" />
    </UnitTest>
    <UnitTest name="UpdateUser_Negative_NameAdressEmpty_TestsReturned" storage="d:\findmyroom-dotnetwebapi\findmyroom\findmyroom.businessmanager.tests\bin\debug\netcoreapp2.1\findmyroom.businessmanager.tests.dll" id="18ae6c6e-8f9a-e219-a134-4145f1bf2fe7">
      <Execution id="a4e64d9c-faad-4ea9-92ba-842b679bc66c" />
      <TestMethod codeBase="D:\FindMyRoom-DotNetWebAPI\FindMyRoom\FindMyRoom.BusinessManager.Tests\bin\Debug\netcoreapp2.1\FindMyRoom.BusinessManager.Tests.dll" adapterTypeName="executor://mstestadapter/v2" className="FindMyRoom.BusinessManager.Tests.UserManagerTest" name="UpdateUser_Negative_NameAdressEmpty_TestsReturned" />
    </UnitTest>
    <UnitTest name="GetUser_Positive_TestsReturned" storage="d:\findmyroom-dotnetwebapi\findmyroom\findmyroom.businessmanager.tests\bin\debug\netcoreapp2.1\findmyroom.businessmanager.tests.dll" id="c8c1df26-2aba-2243-438a-56a8d801cf56">
      <Execution id="d43b2b7e-5468-4a10-92d7-1c2efb5f8eda" />
      <TestMethod codeBase="D:\FindMyRoom-DotNetWebAPI\FindMyRoom\FindMyRoom.BusinessManager.Tests\bin\Debug\netcoreapp2.1\FindMyRoom.BusinessManager.Tests.dll" adapterTypeName="executor://mstestadapter/v2" className="FindMyRoom.BusinessManager.Tests.UserManagerTest" name="GetUser_Positive_TestsReturned" />
    </UnitTest>
    <UnitTest name="AddToBooking_Positive" storage="d:\findmyroom-dotnetwebapi\findmyroom\findmyroom.businessmanager.tests\bin\debug\netcoreapp2.1\findmyroom.businessmanager.tests.dll" id="e11e44b7-1751-430d-baf7-f73132d1582d">
      <Execution id="0b0a5cb1-8fa1-411c-9539-adf926783868" />
      <TestMethod codeBase="D:\FindMyRoom-DotNetWebAPI\FindMyRoom\FindMyRoom.BusinessManager.Tests\bin\Debug\netcoreapp2.1\FindMyRoom.BusinessManager.Tests.dll" adapterTypeName="executor://mstestadapter/v2" className="FindMyRoom.BusinessManager.Tests.BookingManagerTest" name="AddToBooking_Positive" />
    </UnitTest>
    <UnitTest name="EmailPasswordManager_Negative_Exception_TestsReturned" storage="d:\findmyroom-dotnetwebapi\findmyroom\findmyroom.businessmanager.tests\bin\debug\netcoreapp2.1\findmyroom.businessmanager.tests.dll" id="970ed252-2e62-6acd-9156-769be010603a">
      <Execution id="257c6b21-5125-4c62-bcf8-31c5a0dbe2eb" />
      <TestMethod codeBase="D:\FindMyRoom-DotNetWebAPI\FindMyRoom\FindMyRoom.BusinessManager.Tests\bin\Debug\netcoreapp2.1\FindMyRoom.BusinessManager.Tests.dll" adapterTypeName="executor://mstestadapter/v2" className="FindMyRoom.BusinessManager.Tests.UserManagerTest" name="EmailPasswordManager_Negative_Exception_TestsReturned" />
    </UnitTest>
    <UnitTest name="ForgetPassword_Negative_PasswordEmpty_TestsReturned" storage="d:\findmyroom-dotnetwebapi\findmyroom\findmyroom.businessmanager.tests\bin\debug\netcoreapp2.1\findmyroom.businessmanager.tests.dll" id="d3d1a33f-a5ae-dec3-721f-983eb9c85feb">
      <Execution id="3716d1f6-16e3-4deb-8e51-bcb6eb01992e" />
      <TestMethod codeBase="D:\FindMyRoom-DotNetWebAPI\FindMyRoom\FindMyRoom.BusinessManager.Tests\bin\Debug\netcoreapp2.1\FindMyRoom.BusinessManager.Tests.dll" adapterTypeName="executor://mstestadapter/v2" className="FindMyRoom.BusinessManager.Tests.UserManagerTest" name="ForgetPassword_Negative_PasswordEmpty_TestsReturned" />
    </UnitTest>
    <UnitTest name="GetCities_Positive_CitiesReturned" storage="d:\findmyroom-dotnetwebapi\findmyroom\findmyroom.businessmanager.tests\bin\debug\netcoreapp2.1\findmyroom.businessmanager.tests.dll" id="51551e0f-f981-342b-439d-e890812857b5">
      <Execution id="a2b613de-be48-4e7f-bde3-83e50118c304" />
      <TestMethod codeBase="D:\FindMyRoom-DotNetWebAPI\FindMyRoom\FindMyRoom.BusinessManager.Tests\bin\Debug\netcoreapp2.1\FindMyRoom.BusinessManager.Tests.dll" adapterTypeName="executor://mstestadapter/v2" className="FindMyRoom.BusinessManager.Tests.BookingManagerTest" name="GetCities_Positive_CitiesReturned" />
    </UnitTest>
    <UnitTest name="PostUser_Negative_Name" storage="d:\findmyroom-dotnetwebapi\findmyroom\findmyroom.businessmanager.tests\bin\debug\netcoreapp2.1\findmyroom.businessmanager.tests.dll" id="414d43db-494c-d169-20be-81234e573d8c">
      <Execution id="3adf1200-a31a-4b59-9188-4af37667f588" />
      <TestMethod codeBase="D:\FindMyRoom-DotNetWebAPI\FindMyRoom\FindMyRoom.BusinessManager.Tests\bin\Debug\netcoreapp2.1\FindMyRoom.BusinessManager.Tests.dll" adapterTypeName="executor://mstestadapter/v2" className="FindMyRoom.BusinessManager.Tests.UserManagerTest" name="PostUser_Negative_Name" />
    </UnitTest>
    <UnitTest name="ForgetPassword_Positive_TestsReturned" storage="d:\findmyroom-dotnetwebapi\findmyroom\findmyroom.businessmanager.tests\bin\debug\netcoreapp2.1\findmyroom.businessmanager.tests.dll" id="5faa32c1-afe3-7021-80b7-61d85dc69a47">
      <Execution id="e96fa275-4323-4a06-95c8-2e593d834dc9" />
      <TestMethod codeBase="D:\FindMyRoom-DotNetWebAPI\FindMyRoom\FindMyRoom.BusinessManager.Tests\bin\Debug\netcoreapp2.1\FindMyRoom.BusinessManager.Tests.dll" adapterTypeName="executor://mstestadapter/v2" className="FindMyRoom.BusinessManager.Tests.UserManagerTest" name="ForgetPassword_Positive_TestsReturned" />
    </UnitTest>
    <UnitTest name="DeletePartner_Negavtive" storage="d:\findmyroom-dotnetwebapi\findmyroom\findmyroom.businessmanager.tests\bin\debug\netcoreapp2.1\findmyroom.businessmanager.tests.dll" id="9cec316b-8a40-f780-8abc-c264d7dc5e0b">
      <Execution id="f152a3e5-1634-48ef-a59c-47083cb94bd1" />
      <TestMethod codeBase="D:\FindMyRoom-DotNetWebAPI\FindMyRoom\FindMyRoom.BusinessManager.Tests\bin\Debug\netcoreapp2.1\FindMyRoom.BusinessManager.Tests.dll" adapterTypeName="executor://mstestadapter/v2" className="FindMyRoom.BusinessManager.Tests.AdminManagerTest" name="DeletePartner_Negavtive" />
    </UnitTest>
    <UnitTest name="GetLocation_Positive_CitiesReturnerd" storage="d:\findmyroom-dotnetwebapi\findmyroom\findmyroom.businessmanager.tests\bin\debug\netcoreapp2.1\findmyroom.businessmanager.tests.dll" id="4cf75373-faa5-38bf-7f02-54aa04df3f8a">
      <Execution id="64322a12-137b-4948-b212-faa4f9c7274e" />
      <TestMethod codeBase="D:\FindMyRoom-DotNetWebAPI\FindMyRoom\FindMyRoom.BusinessManager.Tests\bin\Debug\netcoreapp2.1\FindMyRoom.BusinessManager.Tests.dll" adapterTypeName="executor://mstestadapter/v2" className="FindMyRoom.BusinessManager.Tests.BookingManagerTest" name="GetLocation_Positive_CitiesReturnerd" />
    </UnitTest>
    <UnitTest name="GetPartnerCustomer_Positive" storage="d:\findmyroom-dotnetwebapi\findmyroom\findmyroom.businessmanager.tests\bin\debug\netcoreapp2.1\findmyroom.businessmanager.tests.dll" id="82b98ed1-d9bb-ae51-bd04-7db1e9146de4">
      <Execution id="c09831e0-8518-4a87-8ebd-b539bb85b3bb" />
      <TestMethod codeBase="D:\FindMyRoom-DotNetWebAPI\FindMyRoom\FindMyRoom.BusinessManager.Tests\bin\Debug\netcoreapp2.1\FindMyRoom.BusinessManager.Tests.dll" adapterTypeName="executor://mstestadapter/v2" className="FindMyRoom.BusinessManager.Tests.RoomManagerTest" name="GetPartnerCustomer_Positive" />
    </UnitTest>
    <UnitTest name="DisplayWishList_Negative" storage="d:\findmyroom-dotnetwebapi\findmyroom\findmyroom.businessmanager.tests\bin\debug\netcoreapp2.1\findmyroom.businessmanager.tests.dll" id="e94e05c6-fdcc-b590-5690-646cf7312a5d">
      <Execution id="65d35bb1-8af3-484a-8f68-e8d9d77b6678" />
      <TestMethod codeBase="D:\FindMyRoom-DotNetWebAPI\FindMyRoom\FindMyRoom.BusinessManager.Tests\bin\Debug\netcoreapp2.1\FindMyRoom.BusinessManager.Tests.dll" adapterTypeName="executor://mstestadapter/v2" className="FindMyRoom.BusinessManager.Tests.BookingManagerTest" name="DisplayWishList_Negative" />
    </UnitTest>
    <UnitTest name="PostRoomsBussiness_Negative" storage="d:\findmyroom-dotnetwebapi\findmyroom\findmyroom.businessmanager.tests\bin\debug\netcoreapp2.1\findmyroom.businessmanager.tests.dll" id="c02e5e44-acd9-ec13-ec89-df86b02e0e28">
      <Execution id="9cfa8453-3b61-45e4-80be-02db03fcf533" />
      <TestMethod codeBase="D:\FindMyRoom-DotNetWebAPI\FindMyRoom\FindMyRoom.BusinessManager.Tests\bin\Debug\netcoreapp2.1\FindMyRoom.BusinessManager.Tests.dll" adapterTypeName="executor://mstestadapter/v2" className="FindMyRoom.BusinessManager.Tests.RoomManagerTest" name="PostRoomsBussiness_Negative" />
    </UnitTest>
    <UnitTest name="PostUser_Negative_Address" storage="d:\findmyroom-dotnetwebapi\findmyroom\findmyroom.businessmanager.tests\bin\debug\netcoreapp2.1\findmyroom.businessmanager.tests.dll" id="4697510e-cc4a-bd72-4eb9-8e302506c65b">
      <Execution id="caf4e95d-799a-44f5-93a8-82479a7f37ff" />
      <TestMethod codeBase="D:\FindMyRoom-DotNetWebAPI\FindMyRoom\FindMyRoom.BusinessManager.Tests\bin\Debug\netcoreapp2.1\FindMyRoom.BusinessManager.Tests.dll" adapterTypeName="executor://mstestadapter/v2" className="FindMyRoom.BusinessManager.Tests.UserManagerTest" name="PostUser_Negative_Address" />
    </UnitTest>
    <UnitTest name="PostUser_Negative_UsersPhoneNo" storage="d:\findmyroom-dotnetwebapi\findmyroom\findmyroom.businessmanager.tests\bin\debug\netcoreapp2.1\findmyroom.businessmanager.tests.dll" id="adedb5b0-933e-56de-ff9a-0e44c1404799">
      <Execution id="b6442bd4-12e0-4b2a-b2e6-1cbf8025ada3" />
      <TestMethod codeBase="D:\FindMyRoom-DotNetWebAPI\FindMyRoom\FindMyRoom.BusinessManager.Tests\bin\Debug\netcoreapp2.1\FindMyRoom.BusinessManager.Tests.dll" adapterTypeName="executor://mstestadapter/v2" className="FindMyRoom.BusinessManager.Tests.UserManagerTest" name="PostUser_Negative_UsersPhoneNo" />
    </UnitTest>
    <UnitTest name="AddToBooking_Negative_UserIsNotRenter" storage="d:\findmyroom-dotnetwebapi\findmyroom\findmyroom.businessmanager.tests\bin\debug\netcoreapp2.1\findmyroom.businessmanager.tests.dll" id="c6ac19a4-a50c-735b-d191-1e0ada8e7ecd">
      <Execution id="58d46217-30e6-414f-8931-186f957a9a89" />
      <TestMethod codeBase="D:\FindMyRoom-DotNetWebAPI\FindMyRoom\FindMyRoom.BusinessManager.Tests\bin\Debug\netcoreapp2.1\FindMyRoom.BusinessManager.Tests.dll" adapterTypeName="executor://mstestadapter/v2" className="FindMyRoom.BusinessManager.Tests.BookingManagerTest" name="AddToBooking_Negative_UserIsNotRenter" />
    </UnitTest>
    <UnitTest name="GetSearchedRoomDetails_Negative_RoomsReturned" storage="d:\findmyroom-dotnetwebapi\findmyroom\findmyroom.businessmanager.tests\bin\debug\netcoreapp2.1\findmyroom.businessmanager.tests.dll" id="3d8e4af0-cad7-71d9-2416-586c81de934b">
      <Execution id="cfec70fa-9702-444d-be5f-a92545b7b1b1" />
      <TestMethod codeBase="D:\FindMyRoom-DotNetWebAPI\FindMyRoom\FindMyRoom.BusinessManager.Tests\bin\Debug\netcoreapp2.1\FindMyRoom.BusinessManager.Tests.dll" adapterTypeName="executor://mstestadapter/v2" className="FindMyRoom.BusinessManager.Tests.BookingManagerTest" name="GetSearchedRoomDetails_Negative_RoomsReturned" />
    </UnitTest>
    <UnitTest name="UpdateUser_Negative_NameMisMatch_TestsReturned" storage="d:\findmyroom-dotnetwebapi\findmyroom\findmyroom.businessmanager.tests\bin\debug\netcoreapp2.1\findmyroom.businessmanager.tests.dll" id="8c2da79b-6ed0-ff51-55a0-7c7148263943">
      <Execution id="947bd881-f5a0-443a-953c-392f85d13e13" />
      <TestMethod codeBase="D:\FindMyRoom-DotNetWebAPI\FindMyRoom\FindMyRoom.BusinessManager.Tests\bin\Debug\netcoreapp2.1\FindMyRoom.BusinessManager.Tests.dll" adapterTypeName="executor://mstestadapter/v2" className="FindMyRoom.BusinessManager.Tests.UserManagerTest" name="UpdateUser_Negative_NameMisMatch_TestsReturned" />
    </UnitTest>
    <UnitTest name="GetUser_Negative_TestsReturned" storage="d:\findmyroom-dotnetwebapi\findmyroom\findmyroom.businessmanager.tests\bin\debug\netcoreapp2.1\findmyroom.businessmanager.tests.dll" id="327e9505-1afa-b3ac-ca70-82b422036662">
      <Execution id="b38b2d63-d77a-481a-9c2b-d0ad3d57b82e" />
      <TestMethod codeBase="D:\FindMyRoom-DotNetWebAPI\FindMyRoom\FindMyRoom.BusinessManager.Tests\bin\Debug\netcoreapp2.1\FindMyRoom.BusinessManager.Tests.dll" adapterTypeName="executor://mstestadapter/v2" className="FindMyRoom.BusinessManager.Tests.UserManagerTest" name="GetUser_Negative_TestsReturned" />
    </UnitTest>
    <UnitTest name="UpdateUser_Negative_AddressEmpty_TestsReturned" storage="d:\findmyroom-dotnetwebapi\findmyroom\findmyroom.businessmanager.tests\bin\debug\netcoreapp2.1\findmyroom.businessmanager.tests.dll" id="58382e6d-dce2-85df-16bf-433c7ae026bd">
      <Execution id="e4ee6cde-ee31-401a-b2b4-c87228eac90f" />
      <TestMethod codeBase="D:\FindMyRoom-DotNetWebAPI\FindMyRoom\FindMyRoom.BusinessManager.Tests\bin\Debug\netcoreapp2.1\FindMyRoom.BusinessManager.Tests.dll" adapterTypeName="executor://mstestadapter/v2" className="FindMyRoom.BusinessManager.Tests.UserManagerTest" name="UpdateUser_Negative_AddressEmpty_TestsReturned" />
    </UnitTest>
    <UnitTest name="PostUser_Negative_AlreadyExists" storage="d:\findmyroom-dotnetwebapi\findmyroom\findmyroom.businessmanager.tests\bin\debug\netcoreapp2.1\findmyroom.businessmanager.tests.dll" id="d5698eb2-b832-4483-e182-d77162961122">
      <Execution id="bfeb5800-4a20-4593-ae31-34d2de8035d1" />
      <TestMethod codeBase="D:\FindMyRoom-DotNetWebAPI\FindMyRoom\FindMyRoom.BusinessManager.Tests\bin\Debug\netcoreapp2.1\FindMyRoom.BusinessManager.Tests.dll" adapterTypeName="executor://mstestadapter/v2" className="FindMyRoom.BusinessManager.Tests.UserManagerTest" name="PostUser_Negative_AlreadyExists" />
    </UnitTest>
    <UnitTest name="AddToBooking_Negative_RoomIdNotThere" storage="d:\findmyroom-dotnetwebapi\findmyroom\findmyroom.businessmanager.tests\bin\debug\netcoreapp2.1\findmyroom.businessmanager.tests.dll" id="669b5e0c-d7e5-3749-6578-3b8a2e10886d">
      <Execution id="03f3bee5-2964-4263-b20c-a97d99a97b3a" />
      <TestMethod codeBase="D:\FindMyRoom-DotNetWebAPI\FindMyRoom\FindMyRoom.BusinessManager.Tests\bin\Debug\netcoreapp2.1\FindMyRoom.BusinessManager.Tests.dll" adapterTypeName="executor://mstestadapter/v2" className="FindMyRoom.BusinessManager.Tests.BookingManagerTest" name="AddToBooking_Negative_RoomIdNotThere" />
    </UnitTest>
    <UnitTest name="UpdateUser_Negative_PhoneMisMatch_TestsReturned" storage="d:\findmyroom-dotnetwebapi\findmyroom\findmyroom.businessmanager.tests\bin\debug\netcoreapp2.1\findmyroom.businessmanager.tests.dll" id="4d261148-c13c-c9cd-518c-c2501020cf13">
      <Execution id="1b8b9119-8909-4e99-b0e5-b6acfa30e2f0" />
      <TestMethod codeBase="D:\FindMyRoom-DotNetWebAPI\FindMyRoom\FindMyRoom.BusinessManager.Tests\bin\Debug\netcoreapp2.1\FindMyRoom.BusinessManager.Tests.dll" adapterTypeName="executor://mstestadapter/v2" className="FindMyRoom.BusinessManager.Tests.UserManagerTest" name="UpdateUser_Negative_PhoneMisMatch_TestsReturned" />
    </UnitTest>
    <UnitTest name="AddToBooking_Negative" storage="d:\findmyroom-dotnetwebapi\findmyroom\findmyroom.businessmanager.tests\bin\debug\netcoreapp2.1\findmyroom.businessmanager.tests.dll" id="a7d21f8d-1d72-a367-e307-7f9faae06755">
      <Execution id="5e93abb2-facb-4580-bb4a-d9269cd97642" />
      <TestMethod codeBase="D:\FindMyRoom-DotNetWebAPI\FindMyRoom\FindMyRoom.BusinessManager.Tests\bin\Debug\netcoreapp2.1\FindMyRoom.BusinessManager.Tests.dll" adapterTypeName="executor://mstestadapter/v2" className="FindMyRoom.BusinessManager.Tests.BookingManagerTest" name="AddToBooking_Negative" />
    </UnitTest>
    <UnitTest name="AddingToWishlist_Negative" storage="d:\findmyroom-dotnetwebapi\findmyroom\findmyroom.businessmanager.tests\bin\debug\netcoreapp2.1\findmyroom.businessmanager.tests.dll" id="65d9f182-629d-a938-6942-dbe796e20c39">
      <Execution id="f7237340-b401-47a3-80e9-d73bc2b62f5a" />
      <TestMethod codeBase="D:\FindMyRoom-DotNetWebAPI\FindMyRoom\FindMyRoom.BusinessManager.Tests\bin\Debug\netcoreapp2.1\FindMyRoom.BusinessManager.Tests.dll" adapterTypeName="executor://mstestadapter/v2" className="FindMyRoom.BusinessManager.Tests.BookingManagerTest" name="AddingToWishlist_Negative" />
    </UnitTest>
    <UnitTest name="UpdateUser_Negative_NameEmpty_TestsReturned" storage="d:\findmyroom-dotnetwebapi\findmyroom\findmyroom.businessmanager.tests\bin\debug\netcoreapp2.1\findmyroom.businessmanager.tests.dll" id="ebe3f9fd-965c-5940-4dc5-a7fcfb8a0602">
      <Execution id="66392023-8179-417b-bd7b-799e69fd91bc" />
      <TestMethod codeBase="D:\FindMyRoom-DotNetWebAPI\FindMyRoom\FindMyRoom.BusinessManager.Tests\bin\Debug\netcoreapp2.1\FindMyRoom.BusinessManager.Tests.dll" adapterTypeName="executor://mstestadapter/v2" className="FindMyRoom.BusinessManager.Tests.UserManagerTest" name="UpdateUser_Negative_NameEmpty_TestsReturned" />
    </UnitTest>
    <UnitTest name="DeleteRoomBusiness_Negative" storage="d:\findmyroom-dotnetwebapi\findmyroom\findmyroom.businessmanager.tests\bin\debug\netcoreapp2.1\findmyroom.businessmanager.tests.dll" id="1ed4539c-8fd8-a255-beb5-2e2ce350e1c9">
      <Execution id="6247ac0a-24ed-4f9a-999a-34893b79514a" />
      <TestMethod codeBase="D:\FindMyRoom-DotNetWebAPI\FindMyRoom\FindMyRoom.BusinessManager.Tests\bin\Debug\netcoreapp2.1\FindMyRoom.BusinessManager.Tests.dll" adapterTypeName="executor://mstestadapter/v2" className="FindMyRoom.BusinessManager.Tests.RoomManagerTest" name="DeleteRoomBusiness_Negative" />
    </UnitTest>
    <UnitTest name="GetCities_Negative_CitiesReturned" storage="d:\findmyroom-dotnetwebapi\findmyroom\findmyroom.businessmanager.tests\bin\debug\netcoreapp2.1\findmyroom.businessmanager.tests.dll" id="8964a3df-8f09-1f29-61a7-10e9bba568dd">
      <Execution id="8018cac1-9212-4235-8ea5-0669a7a2645a" />
      <TestMethod codeBase="D:\FindMyRoom-DotNetWebAPI\FindMyRoom\FindMyRoom.BusinessManager.Tests\bin\Debug\netcoreapp2.1\FindMyRoom.BusinessManager.Tests.dll" adapterTypeName="executor://mstestadapter/v2" className="FindMyRoom.BusinessManager.Tests.BookingManagerTest" name="GetCities_Negative_CitiesReturned" />
    </UnitTest>
    <UnitTest name="AddToBooking_Negative_RoomAlreadyBooked" storage="d:\findmyroom-dotnetwebapi\findmyroom\findmyroom.businessmanager.tests\bin\debug\netcoreapp2.1\findmyroom.businessmanager.tests.dll" id="d0600c07-4bca-144f-5f44-a7944027cd5c">
      <Execution id="5a378b86-5df2-47fc-9233-d87ad41d3b01" />
      <TestMethod codeBase="D:\FindMyRoom-DotNetWebAPI\FindMyRoom\FindMyRoom.BusinessManager.Tests\bin\Debug\netcoreapp2.1\FindMyRoom.BusinessManager.Tests.dll" adapterTypeName="executor://mstestadapter/v2" className="FindMyRoom.BusinessManager.Tests.BookingManagerTest" name="AddToBooking_Negative_RoomAlreadyBooked" />
    </UnitTest>
    <UnitTest name="GetUsers_Positive_UserReturned" storage="d:\findmyroom-dotnetwebapi\findmyroom\findmyroom.businessmanager.tests\bin\debug\netcoreapp2.1\findmyroom.businessmanager.tests.dll" id="a9eac12b-0897-3d5b-386e-d549bba10349">
      <Execution id="5fbd1a67-58d0-4009-9a2b-9363be87355e" />
      <TestMethod codeBase="D:\FindMyRoom-DotNetWebAPI\FindMyRoom\FindMyRoom.BusinessManager.Tests\bin\Debug\netcoreapp2.1\FindMyRoom.BusinessManager.Tests.dll" adapterTypeName="executor://mstestadapter/v2" className="FindMyRoom.BusinessManager.Tests.UserManagerTest" name="GetUsers_Positive_UserReturned" />
    </UnitTest>
    <UnitTest name="ForgetPassword_Negative_Exception_TestsReturned" storage="d:\findmyroom-dotnetwebapi\findmyroom\findmyroom.businessmanager.tests\bin\debug\netcoreapp2.1\findmyroom.businessmanager.tests.dll" id="deca059b-2407-f2d0-fd87-74a3f64b1087">
      <Execution id="c0e9eb5d-d0fd-4971-b202-daab1bbdd47e" />
      <TestMethod codeBase="D:\FindMyRoom-DotNetWebAPI\FindMyRoom\FindMyRoom.BusinessManager.Tests\bin\Debug\netcoreapp2.1\FindMyRoom.BusinessManager.Tests.dll" adapterTypeName="executor://mstestadapter/v2" className="FindMyRoom.BusinessManager.Tests.UserManagerTest" name="ForgetPassword_Negative_Exception_TestsReturned" />
    </UnitTest>
    <UnitTest name="GetSearchedRoomDetails_Negative_Exception_RoomsReturned" storage="d:\findmyroom-dotnetwebapi\findmyroom\findmyroom.businessmanager.tests\bin\debug\netcoreapp2.1\findmyroom.businessmanager.tests.dll" id="1f0c0d75-ad3f-0ae9-47dd-49abda76f982">
      <Execution id="8c29efea-bae8-4aaf-9113-6bd3a72e85b0" />
      <TestMethod codeBase="D:\FindMyRoom-DotNetWebAPI\FindMyRoom\FindMyRoom.BusinessManager.Tests\bin\Debug\netcoreapp2.1\FindMyRoom.BusinessManager.Tests.dll" adapterTypeName="executor://mstestadapter/v2" className="FindMyRoom.BusinessManager.Tests.BookingManagerTest" name="GetSearchedRoomDetails_Negative_Exception_RoomsReturned" />
    </UnitTest>
    <UnitTest name="GetUser_NegativeTestCases_TestResult" storage="d:\findmyroom-dotnetwebapi\findmyroom\findmyroom.businessmanager.tests\bin\debug\netcoreapp2.1\findmyroom.businessmanager.tests.dll" id="f587dc0a-fb2b-0db0-6a90-edf221f96b3d">
      <Execution id="7aa0e1b2-eb73-4e0b-9fc4-d02ecf4f4303" />
      <TestMethod codeBase="D:\FindMyRoom-DotNetWebAPI\FindMyRoom\FindMyRoom.BusinessManager.Tests\bin\Debug\netcoreapp2.1\FindMyRoom.BusinessManager.Tests.dll" adapterTypeName="executor://mstestadapter/v2" className="FindMyRoom.BusinessManager.Tests.UserManagerTest" name="GetUser_NegativeTestCases_TestResult" />
    </UnitTest>
    <UnitTest name="PostUser_Positive_Testresults" storage="d:\findmyroom-dotnetwebapi\findmyroom\findmyroom.businessmanager.tests\bin\debug\netcoreapp2.1\findmyroom.businessmanager.tests.dll" id="8f0973dd-bd5c-1201-7c9f-bda97c13fd74">
      <Execution id="6c538085-b96c-45d5-b851-0c9869edbd93" />
      <TestMethod codeBase="D:\FindMyRoom-DotNetWebAPI\FindMyRoom\FindMyRoom.BusinessManager.Tests\bin\Debug\netcoreapp2.1\FindMyRoom.BusinessManager.Tests.dll" adapterTypeName="executor://mstestadapter/v2" className="FindMyRoom.BusinessManager.Tests.UserManagerTest" name="PostUser_Positive_Testresults" />
    </UnitTest>
    <UnitTest name="PostUser_Negative_UsersPassword" storage="d:\findmyroom-dotnetwebapi\findmyroom\findmyroom.businessmanager.tests\bin\debug\netcoreapp2.1\findmyroom.businessmanager.tests.dll" id="b12be28b-cea0-e811-fc81-4aa713c18876">
      <Execution id="64ec6329-c893-4eb7-b923-43b6c72acf7a" />
      <TestMethod codeBase="D:\FindMyRoom-DotNetWebAPI\FindMyRoom\FindMyRoom.BusinessManager.Tests\bin\Debug\netcoreapp2.1\FindMyRoom.BusinessManager.Tests.dll" adapterTypeName="executor://mstestadapter/v2" className="FindMyRoom.BusinessManager.Tests.UserManagerTest" name="PostUser_Negative_UsersPassword" />
    </UnitTest>
    <UnitTest name="UpdateUser_Negative_NoId_TestsReturned" storage="d:\findmyroom-dotnetwebapi\findmyroom\findmyroom.businessmanager.tests\bin\debug\netcoreapp2.1\findmyroom.businessmanager.tests.dll" id="97652255-86f4-0716-f184-799e66d84252">
      <Execution id="66258bc4-1160-4fde-9ac6-ea7f6eddde2a" />
      <TestMethod codeBase="D:\FindMyRoom-DotNetWebAPI\FindMyRoom\FindMyRoom.BusinessManager.Tests\bin\Debug\netcoreapp2.1\FindMyRoom.BusinessManager.Tests.dll" adapterTypeName="executor://mstestadapter/v2" className="FindMyRoom.BusinessManager.Tests.UserManagerTest" name="UpdateUser_Negative_NoId_TestsReturned" />
    </UnitTest>
    <UnitTest name="EmailPasswordManager_Negative_TestsReturned" storage="d:\findmyroom-dotnetwebapi\findmyroom\findmyroom.businessmanager.tests\bin\debug\netcoreapp2.1\findmyroom.businessmanager.tests.dll" id="66022b9f-85d7-c478-7253-710b4c948f9e">
      <Execution id="8dfa57d6-a563-47ec-b083-25c033baa2a4" />
      <TestMethod codeBase="D:\FindMyRoom-DotNetWebAPI\FindMyRoom\FindMyRoom.BusinessManager.Tests\bin\Debug\netcoreapp2.1\FindMyRoom.BusinessManager.Tests.dll" adapterTypeName="executor://mstestadapter/v2" className="FindMyRoom.BusinessManager.Tests.UserManagerTest" name="EmailPasswordManager_Negative_TestsReturned" />
    </UnitTest>
    <UnitTest name="ForgetPassword_Negative_MailNotExist_TestsReturned" storage="d:\findmyroom-dotnetwebapi\findmyroom\findmyroom.businessmanager.tests\bin\debug\netcoreapp2.1\findmyroom.businessmanager.tests.dll" id="69f7caa1-0f08-79de-e519-bac9172f6786">
      <Execution id="ce87e885-b36d-4674-8201-42537fd47b34" />
      <TestMethod codeBase="D:\FindMyRoom-DotNetWebAPI\FindMyRoom\FindMyRoom.BusinessManager.Tests\bin\Debug\netcoreapp2.1\FindMyRoom.BusinessManager.Tests.dll" adapterTypeName="executor://mstestadapter/v2" className="FindMyRoom.BusinessManager.Tests.UserManagerTest" name="ForgetPassword_Negative_MailNotExist_TestsReturned" />
    </UnitTest>
  </TestDefinitions>
  <TestEntries>
    <TestEntry testId="f077ca93-8f38-d73a-ce7d-bced0b56f133" executionId="dc988232-7e48-4538-800e-f9c88abec361" testListId="8c84fa94-04c1-424b-9868-57a2d4851a1d" />
    <TestEntry testId="3d8e4af0-cad7-71d9-2416-586c81de934b" executionId="cfec70fa-9702-444d-be5f-a92545b7b1b1" testListId="8c84fa94-04c1-424b-9868-57a2d4851a1d" />
    <TestEntry testId="d5698eb2-b832-4483-e182-d77162961122" executionId="bfeb5800-4a20-4593-ae31-34d2de8035d1" testListId="8c84fa94-04c1-424b-9868-57a2d4851a1d" />
    <TestEntry testId="e1f6e00b-35c3-c8e8-9f73-163d62c1ce13" executionId="3eea7c7e-306b-4d6e-87d1-d9fc9c65da0d" testListId="8c84fa94-04c1-424b-9868-57a2d4851a1d" />
    <TestEntry testId="4697510e-cc4a-bd72-4eb9-8e302506c65b" executionId="caf4e95d-799a-44f5-93a8-82479a7f37ff" testListId="8c84fa94-04c1-424b-9868-57a2d4851a1d" />
    <TestEntry testId="1d4eaeb3-6c2e-b07e-4f43-ce2736fc69c3" executionId="9fadf46b-9f2e-453c-8a13-447107fe6729" testListId="8c84fa94-04c1-424b-9868-57a2d4851a1d" />
    <TestEntry testId="4cf75373-faa5-38bf-7f02-54aa04df3f8a" executionId="64322a12-137b-4948-b212-faa4f9c7274e" testListId="8c84fa94-04c1-424b-9868-57a2d4851a1d" />
    <TestEntry testId="f587dc0a-fb2b-0db0-6a90-edf221f96b3d" executionId="7aa0e1b2-eb73-4e0b-9fc4-d02ecf4f4303" testListId="8c84fa94-04c1-424b-9868-57a2d4851a1d" />
    <TestEntry testId="27e4f7cd-059b-e990-1147-ba0a3bcd2e70" executionId="00a2b077-e77e-44e9-bfcb-a4d7256cdce2" testListId="8c84fa94-04c1-424b-9868-57a2d4851a1d" />
    <TestEntry testId="c6ac19a4-a50c-735b-d191-1e0ada8e7ecd" executionId="58d46217-30e6-414f-8931-186f957a9a89" testListId="8c84fa94-04c1-424b-9868-57a2d4851a1d" />
    <TestEntry testId="65d9f182-629d-a938-6942-dbe796e20c39" executionId="f7237340-b401-47a3-80e9-d73bc2b62f5a" testListId="8c84fa94-04c1-424b-9868-57a2d4851a1d" />
    <TestEntry testId="6fba6c46-18d5-4154-1f8e-3b13b3e8cf7e" executionId="218ebbd7-ab91-4957-a473-cce70c668111" testListId="8c84fa94-04c1-424b-9868-57a2d4851a1d" />
    <TestEntry testId="a9eac12b-0897-3d5b-386e-d549bba10349" executionId="5fbd1a67-58d0-4009-9a2b-9363be87355e" testListId="8c84fa94-04c1-424b-9868-57a2d4851a1d" />
    <TestEntry testId="40b22418-6a20-c16b-ab0c-ff4b3c7b7ab1" executionId="9bcda2d5-51ac-4495-9172-f0dc12131827" testListId="8c84fa94-04c1-424b-9868-57a2d4851a1d" />
    <TestEntry testId="8132c2ef-6af1-a77b-5369-78cd31158c94" executionId="316dc2c5-8eb3-4889-9ac4-3bb8c48c6b4b" testListId="8c84fa94-04c1-424b-9868-57a2d4851a1d" />
    <TestEntry testId="c8c1df26-2aba-2243-438a-56a8d801cf56" executionId="d43b2b7e-5468-4a10-92d7-1c2efb5f8eda" testListId="8c84fa94-04c1-424b-9868-57a2d4851a1d" />
    <TestEntry testId="a7d21f8d-1d72-a367-e307-7f9faae06755" executionId="5e93abb2-facb-4580-bb4a-d9269cd97642" testListId="8c84fa94-04c1-424b-9868-57a2d4851a1d" />
    <TestEntry testId="66022b9f-85d7-c478-7253-710b4c948f9e" executionId="8dfa57d6-a563-47ec-b083-25c033baa2a4" testListId="8c84fa94-04c1-424b-9868-57a2d4851a1d" />
    <TestEntry testId="8c2da79b-6ed0-ff51-55a0-7c7148263943" executionId="947bd881-f5a0-443a-953c-392f85d13e13" testListId="8c84fa94-04c1-424b-9868-57a2d4851a1d" />
    <TestEntry testId="da950390-4e4a-cc24-72df-eb64569ec828" executionId="d69334c4-cc6d-4726-a8f8-20e1d02fa73e" testListId="8c84fa94-04c1-424b-9868-57a2d4851a1d" />
    <TestEntry testId="5faa32c1-afe3-7021-80b7-61d85dc69a47" executionId="e96fa275-4323-4a06-95c8-2e593d834dc9" testListId="8c84fa94-04c1-424b-9868-57a2d4851a1d" />
    <TestEntry testId="1f0c0d75-ad3f-0ae9-47dd-49abda76f982" executionId="8c29efea-bae8-4aaf-9113-6bd3a72e85b0" testListId="8c84fa94-04c1-424b-9868-57a2d4851a1d" />
    <TestEntry testId="ebe3f9fd-965c-5940-4dc5-a7fcfb8a0602" executionId="66392023-8179-417b-bd7b-799e69fd91bc" testListId="8c84fa94-04c1-424b-9868-57a2d4851a1d" />
    <TestEntry testId="5fabb640-cda4-7e1c-a9dc-7a1eb80892cc" executionId="6edce75f-d98a-4ab3-a813-3b61a4f7a10f" testListId="8c84fa94-04c1-424b-9868-57a2d4851a1d" />
    <TestEntry testId="970ed252-2e62-6acd-9156-769be010603a" executionId="257c6b21-5125-4c62-bcf8-31c5a0dbe2eb" testListId="8c84fa94-04c1-424b-9868-57a2d4851a1d" />
    <TestEntry testId="d0600c07-4bca-144f-5f44-a7944027cd5c" executionId="5a378b86-5df2-47fc-9233-d87ad41d3b01" testListId="8c84fa94-04c1-424b-9868-57a2d4851a1d" />
    <TestEntry testId="51551e0f-f981-342b-439d-e890812857b5" executionId="a2b613de-be48-4e7f-bde3-83e50118c304" testListId="8c84fa94-04c1-424b-9868-57a2d4851a1d" />
    <TestEntry testId="9cec316b-8a40-f780-8abc-c264d7dc5e0b" executionId="f152a3e5-1634-48ef-a59c-47083cb94bd1" testListId="8c84fa94-04c1-424b-9868-57a2d4851a1d" />
    <TestEntry testId="18ae6c6e-8f9a-e219-a134-4145f1bf2fe7" executionId="a4e64d9c-faad-4ea9-92ba-842b679bc66c" testListId="8c84fa94-04c1-424b-9868-57a2d4851a1d" />
    <TestEntry testId="8f0973dd-bd5c-1201-7c9f-bda97c13fd74" executionId="6c538085-b96c-45d5-b851-0c9869edbd93" testListId="8c84fa94-04c1-424b-9868-57a2d4851a1d" />
    <TestEntry testId="b12be28b-cea0-e811-fc81-4aa713c18876" executionId="64ec6329-c893-4eb7-b923-43b6c72acf7a" testListId="8c84fa94-04c1-424b-9868-57a2d4851a1d" />
    <TestEntry testId="e9b563ae-397e-1384-c7ac-6934068cb515" executionId="1ec7ee18-6e41-4234-a954-4f4cbfc8ffb6" testListId="8c84fa94-04c1-424b-9868-57a2d4851a1d" />
    <TestEntry testId="8964a3df-8f09-1f29-61a7-10e9bba568dd" executionId="8018cac1-9212-4235-8ea5-0669a7a2645a" testListId="8c84fa94-04c1-424b-9868-57a2d4851a1d" />
    <TestEntry testId="659581de-8dae-6eb4-9504-a7ffd5152774" executionId="377d1663-4349-4b1c-840b-1d7af0482b24" testListId="8c84fa94-04c1-424b-9868-57a2d4851a1d" />
    <TestEntry testId="c02e5e44-acd9-ec13-ec89-df86b02e0e28" executionId="9cfa8453-3b61-45e4-80be-02db03fcf533" testListId="8c84fa94-04c1-424b-9868-57a2d4851a1d" />
    <TestEntry testId="97652255-86f4-0716-f184-799e66d84252" executionId="66258bc4-1160-4fde-9ac6-ea7f6eddde2a" testListId="8c84fa94-04c1-424b-9868-57a2d4851a1d" />
    <TestEntry testId="36a9bc28-1651-305b-0e6d-6680f1b37fe0" executionId="9dd2a38e-f6e1-46ba-bfe5-c281a63f4bac" testListId="8c84fa94-04c1-424b-9868-57a2d4851a1d" />
    <TestEntry testId="093ead31-7241-06d5-d89c-ba450c9bd07b" executionId="a04701d8-f5a1-4c54-a71d-e9bb1f2232d7" testListId="8c84fa94-04c1-424b-9868-57a2d4851a1d" />
    <TestEntry testId="669b5e0c-d7e5-3749-6578-3b8a2e10886d" executionId="03f3bee5-2964-4263-b20c-a97d99a97b3a" testListId="8c84fa94-04c1-424b-9868-57a2d4851a1d" />
    <TestEntry testId="4542869c-c73a-8b2b-20ec-db33f0b26244" executionId="c63372d6-63c0-44dd-a29b-b607fcea2b2f" testListId="8c84fa94-04c1-424b-9868-57a2d4851a1d" />
    <TestEntry testId="414d43db-494c-d169-20be-81234e573d8c" executionId="3adf1200-a31a-4b59-9188-4af37667f588" testListId="8c84fa94-04c1-424b-9868-57a2d4851a1d" />
    <TestEntry testId="62d841ae-55e1-5269-4452-a3f7324e6106" executionId="d2a5bf38-0770-40a1-ac35-d89703e2e900" testListId="8c84fa94-04c1-424b-9868-57a2d4851a1d" />
    <TestEntry testId="737e9915-04a4-3967-b85a-ba924c847d3b" executionId="397a8d06-c42f-4c8f-b0d3-3f874c4e7722" testListId="8c84fa94-04c1-424b-9868-57a2d4851a1d" />
    <TestEntry testId="82b98ed1-d9bb-ae51-bd04-7db1e9146de4" executionId="c09831e0-8518-4a87-8ebd-b539bb85b3bb" testListId="8c84fa94-04c1-424b-9868-57a2d4851a1d" />
    <TestEntry testId="6e6ac165-a138-0209-be32-de8b9144765b" executionId="b7b036c2-4760-4571-8cd7-3f34b8ecc028" testListId="8c84fa94-04c1-424b-9868-57a2d4851a1d" />
    <TestEntry testId="69f7caa1-0f08-79de-e519-bac9172f6786" executionId="ce87e885-b36d-4674-8201-42537fd47b34" testListId="8c84fa94-04c1-424b-9868-57a2d4851a1d" />
    <TestEntry testId="ac1b204c-2df9-961b-acda-8ab41c013f51" executionId="5d8c9d66-920e-460f-8cf0-8b4e173acb99" testListId="8c84fa94-04c1-424b-9868-57a2d4851a1d" />
    <TestEntry testId="deca059b-2407-f2d0-fd87-74a3f64b1087" executionId="c0e9eb5d-d0fd-4971-b202-daab1bbdd47e" testListId="8c84fa94-04c1-424b-9868-57a2d4851a1d" />
    <TestEntry testId="327e9505-1afa-b3ac-ca70-82b422036662" executionId="b38b2d63-d77a-481a-9c2b-d0ad3d57b82e" testListId="8c84fa94-04c1-424b-9868-57a2d4851a1d" />
    <TestEntry testId="3c407f77-c9d5-9a76-177b-3741fdeabdb6" executionId="99a1b1c5-094c-4d5f-aa00-36335d332e8e" testListId="8c84fa94-04c1-424b-9868-57a2d4851a1d" />
    <TestEntry testId="b91e662a-5719-aed1-7abb-b747aeefd097" executionId="263cf241-6db0-4d1d-b320-2f75e9426991" testListId="8c84fa94-04c1-424b-9868-57a2d4851a1d" />
    <TestEntry testId="58382e6d-dce2-85df-16bf-433c7ae026bd" executionId="e4ee6cde-ee31-401a-b2b4-c87228eac90f" testListId="8c84fa94-04c1-424b-9868-57a2d4851a1d" />
    <TestEntry testId="1ed4539c-8fd8-a255-beb5-2e2ce350e1c9" executionId="6247ac0a-24ed-4f9a-999a-34893b79514a" testListId="8c84fa94-04c1-424b-9868-57a2d4851a1d" />
    <TestEntry testId="d3d1a33f-a5ae-dec3-721f-983eb9c85feb" executionId="3716d1f6-16e3-4deb-8e51-bcb6eb01992e" testListId="8c84fa94-04c1-424b-9868-57a2d4851a1d" />
    <TestEntry testId="3905d9f5-3684-08f3-392f-cef26617766e" executionId="02a07b9f-d580-4cc3-bb75-652d37f48991" testListId="8c84fa94-04c1-424b-9868-57a2d4851a1d" />
    <TestEntry testId="f0adab14-8dca-d3e4-9d2f-3db518c8dd0e" executionId="5a8e0629-3783-4711-b1a0-e5c7dc3b3ea2" testListId="8c84fa94-04c1-424b-9868-57a2d4851a1d" />
    <TestEntry testId="4d261148-c13c-c9cd-518c-c2501020cf13" executionId="1b8b9119-8909-4e99-b0e5-b6acfa30e2f0" testListId="8c84fa94-04c1-424b-9868-57a2d4851a1d" />
    <TestEntry testId="adedb5b0-933e-56de-ff9a-0e44c1404799" executionId="b6442bd4-12e0-4b2a-b2e6-1cbf8025ada3" testListId="8c84fa94-04c1-424b-9868-57a2d4851a1d" />
    <TestEntry testId="692a153d-586b-0cf6-ce12-efdadbc5d7eb" executionId="b7e33188-11f2-4c88-b428-6e15214f0496" testListId="8c84fa94-04c1-424b-9868-57a2d4851a1d" />
    <TestEntry testId="e94e05c6-fdcc-b590-5690-646cf7312a5d" executionId="65d35bb1-8af3-484a-8f68-e8d9d77b6678" testListId="8c84fa94-04c1-424b-9868-57a2d4851a1d" />
    <TestEntry testId="2a46f4ae-ff94-6c46-7448-a8f30f6642a5" executionId="f5d1d8d6-d1ba-4376-b6ad-f1a95cf4cd97" testListId="8c84fa94-04c1-424b-9868-57a2d4851a1d" />
    <TestEntry testId="e11e44b7-1751-430d-baf7-f73132d1582d" executionId="0b0a5cb1-8fa1-411c-9539-adf926783868" testListId="8c84fa94-04c1-424b-9868-57a2d4851a1d" />
  </TestEntries>
  <TestLists>
    <TestList name="Results Not in a List" id="8c84fa94-04c1-424b-9868-57a2d4851a1d" />
    <TestList name="All Loaded Results" id="19431567-8539-422a-85d7-44ee4e166bda" />
  </TestLists>
  <ResultSummary outcome="Completed">
    <Counters total="62" executed="62" passed="62" failed="0" error="0" timeout="0" aborted="0" inconclusive="0" passedButRunAborted="0" notRunnable="0" notExecuted="0" disconnected="0" warning="0" completed="0" inProgress="0" pending="0" />
  </ResultSummary>
</TestRun>